2022-01-24 01:50:43	C:\xampp\htdocs\dokuwiki\vendor\elasticsearch\elasticsearch\src\Elasticsearch\Connections\Connection.php(675)	Elasticsearch\Common\Exceptions\BadRequest400Exception: {"error":{"root_cause":[{"type":"mapper_parsing_exception","reason":"failed to parse field [info.namespace] of type [boolean] in document with id 'wiki:welcome'. Preview of field's value: 'wiki'"}],"type":"mapper_parsing_exception","reason":"failed to parse field [info.namespace] of type [boolean] in document with id 'wiki:welcome'. Preview of field's value: 'wiki'","caused_by":{"type":"illegal_argument_exception","reason":"Failed to parse value [wiki] as only [true] or [false] are allowed."}},"status":400}
  #0 C:\xampp\htdocs\dokuwiki\vendor\elasticsearch\elasticsearch\src\Elasticsearch\Connections\Connection.php(333): Elasticsearch\Connections\Connection->process4xxError(Array, Array, Array)
  #1 C:\xampp\htdocs\dokuwiki\vendor\react\promise\src\FulfilledPromise.php(28): Elasticsearch\Connections\Connection->Elasticsearch\Connections\{closure}(Array)
  #2 C:\xampp\htdocs\dokuwiki\vendor\ezimuel\ringphp\src\Future\CompletedFutureValue.php(55): React\Promise\FulfilledPromise->then(Object(Closure), NULL, NULL)
  #3 C:\xampp\htdocs\dokuwiki\vendor\ezimuel\ringphp\src\Core.php(341): GuzzleHttp\Ring\Future\CompletedFutureValue->then(Object(Closure), NULL, NULL)
  #4 C:\xampp\htdocs\dokuwiki\vendor\elasticsearch\elasticsearch\src\Elasticsearch\Connections\Connection.php(345): GuzzleHttp\Ring\Core::proxy(Object(GuzzleHttp\Ring\Future\CompletedFutureArray), Object(Closure))
  #5 C:\xampp\htdocs\dokuwiki\vendor\elasticsearch\elasticsearch\src\Elasticsearch\Connections\Connection.php(241): Elasticsearch\Connections\Connection->Elasticsearch\Connections\{closure}(Array, Object(Elasticsearch\Connections\Connection), Object(Elasticsearch\Transport), Array)
  #6 C:\xampp\htdocs\dokuwiki\vendor\elasticsearch\elasticsearch\src\Elasticsearch\Transport.php(110): Elasticsearch\Connections\Connection->performRequest('POST', '/dokuwiki/_doc/...', Array, '{"content":"===...', Array, Object(Elasticsearch\Transport))
  #7 C:\xampp\htdocs\dokuwiki\vendor\elasticsearch\elasticsearch\src\Elasticsearch\Client.php(1637): Elasticsearch\Transport->performRequest('POST', '/dokuwiki/_doc/...', Array, Array, Array)
  #8 C:\xampp\htdocs\dokuwiki\vendor\elasticsearch\elasticsearch\src\Elasticsearch\Client.php(829): Elasticsearch\Client->performRequest(Object(Elasticsearch\Endpoints\Index))
  #9 C:\xampp\htdocs\dokuwiki\inc\Action\Save.php(96): Elasticsearch\Client->index(Array)
  #10 C:\xampp\htdocs\dokuwiki\inc\load.php(129): require('C:\\xampp\\htdocs...')
  #11 [internal function]: load_autoload('dokuwiki/Action...')
  #12 C:\xampp\htdocs\dokuwiki\inc\ActionRouter.php(184): class_exists('dokuwiki\\Action...')
  #13 C:\xampp\htdocs\dokuwiki\inc\ActionRouter.php(81): dokuwiki\ActionRouter->loadAction('save')
  #14 C:\xampp\htdocs\dokuwiki\inc\ActionRouter.php(48): dokuwiki\ActionRouter->setupAction('save')
  #15 C:\xampp\htdocs\dokuwiki\inc\ActionRouter.php(60): dokuwiki\ActionRouter->__construct()
  #16 C:\xampp\htdocs\dokuwiki\inc\actions.php(16): dokuwiki\ActionRouter::getInstance(true)
  #17 C:\xampp\htdocs\dokuwiki\doku.php(122): act_dispatch()
  #18 {main}
