2022-02-25 00:36:38	C:\xampp\htdocs\dokuwiki\vendor\elasticsearch\elasticsearch\src\Elasticsearch\ConnectionPool\StaticNoPingConnectionPool.php(64)	Elasticsearch\Common\Exceptions\NoNodesAvailableException: No alive nodes found in your cluster
  #0 C:\xampp\htdocs\dokuwiki\vendor\elasticsearch\elasticsearch\src\Elasticsearch\Transport.php(82): Elasticsearch\ConnectionPool\StaticNoPingConnectionPool->nextConnection()
  #1 C:\xampp\htdocs\dokuwiki\vendor\elasticsearch\elasticsearch\src\Elasticsearch\Transport.php(99): Elasticsearch\Transport->getConnection()
  #2 C:\xampp\htdocs\dokuwiki\vendor\elasticsearch\elasticsearch\src\Elasticsearch\Connections\Connection.php(297): Elasticsearch\Transport->performRequest('POST', '/dokuwiki/_doc/...', Array, '{"name":"start"...', Array)
  #3 C:\xampp\htdocs\dokuwiki\vendor\react\promise\src\FulfilledPromise.php(28): Elasticsearch\Connections\Connection->Elasticsearch\Connections\{closure}(Array)
  #4 C:\xampp\htdocs\dokuwiki\vendor\ezimuel\ringphp\src\Future\CompletedFutureValue.php(55): React\Promise\FulfilledPromise->then(Object(Closure), NULL, NULL)
  #5 C:\xampp\htdocs\dokuwiki\vendor\ezimuel\ringphp\src\Core.php(341): GuzzleHttp\Ring\Future\CompletedFutureValue->then(Object(Closure), NULL, NULL)
  #6 C:\xampp\htdocs\dokuwiki\vendor\elasticsearch\elasticsearch\src\Elasticsearch\Connections\Connection.php(345): GuzzleHttp\Ring\Core::proxy(Object(GuzzleHttp\Ring\Future\CompletedFutureArray), Object(Closure))
  #7 C:\xampp\htdocs\dokuwiki\vendor\elasticsearch\elasticsearch\src\Elasticsearch\Connections\Connection.php(241): Elasticsearch\Connections\Connection->Elasticsearch\Connections\{closure}(Array, Object(Elasticsearch\Connections\Connection), Object(Elasticsearch\Transport), Array)
  #8 C:\xampp\htdocs\dokuwiki\vendor\elasticsearch\elasticsearch\src\Elasticsearch\Transport.php(110): Elasticsearch\Connections\Connection->performRequest('POST', '/dokuwiki/_doc/...', Array, '{"name":"start"...', Array, Object(Elasticsearch\Transport))
  #9 C:\xampp\htdocs\dokuwiki\vendor\elasticsearch\elasticsearch\src\Elasticsearch\Client.php(1637): Elasticsearch\Transport->performRequest('POST', '/dokuwiki/_doc/...', Array, Array, Array)
  #10 C:\xampp\htdocs\dokuwiki\vendor\elasticsearch\elasticsearch\src\Elasticsearch\Client.php(829): Elasticsearch\Client->performRequest(Object(Elasticsearch\Endpoints\Index))
  #11 C:\xampp\htdocs\dokuwiki\inc\Action\Save.php(95): Elasticsearch\Client->index(Array)
  #12 C:\xampp\htdocs\dokuwiki\inc\load.php(129): require('C:\\xampp\\htdocs...')
  #13 [internal function]: load_autoload('dokuwiki/Action...')
  #14 C:\xampp\htdocs\dokuwiki\inc\ActionRouter.php(184): class_exists('dokuwiki\\Action...')
  #15 C:\xampp\htdocs\dokuwiki\inc\ActionRouter.php(81): dokuwiki\ActionRouter->loadAction('save')
  #16 C:\xampp\htdocs\dokuwiki\inc\ActionRouter.php(48): dokuwiki\ActionRouter->setupAction('save')
  #17 C:\xampp\htdocs\dokuwiki\inc\ActionRouter.php(60): dokuwiki\ActionRouter->__construct()
  #18 C:\xampp\htdocs\dokuwiki\inc\actions.php(16): dokuwiki\ActionRouter::getInstance(true)
  #19 C:\xampp\htdocs\dokuwiki\doku.php(122): act_dispatch()
  #20 {main}
2022-02-25 00:36:47	C:\xampp\htdocs\dokuwiki\vendor\elasticsearch\elasticsearch\src\Elasticsearch\ConnectionPool\StaticNoPingConnectionPool.php(64)	Elasticsearch\Common\Exceptions\NoNodesAvailableException: No alive nodes found in your cluster
  #0 C:\xampp\htdocs\dokuwiki\vendor\elasticsearch\elasticsearch\src\Elasticsearch\Transport.php(82): Elasticsearch\ConnectionPool\StaticNoPingConnectionPool->nextConnection()
  #1 C:\xampp\htdocs\dokuwiki\vendor\elasticsearch\elasticsearch\src\Elasticsearch\Transport.php(99): Elasticsearch\Transport->getConnection()
  #2 C:\xampp\htdocs\dokuwiki\vendor\elasticsearch\elasticsearch\src\Elasticsearch\Connections\Connection.php(297): Elasticsearch\Transport->performRequest('POST', '/dokuwiki/_doc/...', Array, '{"name":"start"...', Array)
  #3 C:\xampp\htdocs\dokuwiki\vendor\react\promise\src\FulfilledPromise.php(28): Elasticsearch\Connections\Connection->Elasticsearch\Connections\{closure}(Array)
  #4 C:\xampp\htdocs\dokuwiki\vendor\ezimuel\ringphp\src\Future\CompletedFutureValue.php(55): React\Promise\FulfilledPromise->then(Object(Closure), NULL, NULL)
  #5 C:\xampp\htdocs\dokuwiki\vendor\ezimuel\ringphp\src\Core.php(341): GuzzleHttp\Ring\Future\CompletedFutureValue->then(Object(Closure), NULL, NULL)
  #6 C:\xampp\htdocs\dokuwiki\vendor\elasticsearch\elasticsearch\src\Elasticsearch\Connections\Connection.php(345): GuzzleHttp\Ring\Core::proxy(Object(GuzzleHttp\Ring\Future\CompletedFutureArray), Object(Closure))
  #7 C:\xampp\htdocs\dokuwiki\vendor\elasticsearch\elasticsearch\src\Elasticsearch\Connections\Connection.php(241): Elasticsearch\Connections\Connection->Elasticsearch\Connections\{closure}(Array, Object(Elasticsearch\Connections\Connection), Object(Elasticsearch\Transport), Array)
  #8 C:\xampp\htdocs\dokuwiki\vendor\elasticsearch\elasticsearch\src\Elasticsearch\Transport.php(110): Elasticsearch\Connections\Connection->performRequest('POST', '/dokuwiki/_doc/...', Array, '{"name":"start"...', Array, Object(Elasticsearch\Transport))
  #9 C:\xampp\htdocs\dokuwiki\vendor\elasticsearch\elasticsearch\src\Elasticsearch\Client.php(1637): Elasticsearch\Transport->performRequest('POST', '/dokuwiki/_doc/...', Array, Array, Array)
  #10 C:\xampp\htdocs\dokuwiki\vendor\elasticsearch\elasticsearch\src\Elasticsearch\Client.php(829): Elasticsearch\Client->performRequest(Object(Elasticsearch\Endpoints\Index))
  #11 C:\xampp\htdocs\dokuwiki\inc\Action\Save.php(95): Elasticsearch\Client->index(Array)
  #12 C:\xampp\htdocs\dokuwiki\inc\load.php(129): require('C:\\xampp\\htdocs...')
  #13 [internal function]: load_autoload('dokuwiki/Action...')
  #14 C:\xampp\htdocs\dokuwiki\inc\ActionRouter.php(184): class_exists('dokuwiki\\Action...')
  #15 C:\xampp\htdocs\dokuwiki\inc\ActionRouter.php(81): dokuwiki\ActionRouter->loadAction('save')
  #16 C:\xampp\htdocs\dokuwiki\inc\ActionRouter.php(48): dokuwiki\ActionRouter->setupAction('save')
  #17 C:\xampp\htdocs\dokuwiki\inc\ActionRouter.php(60): dokuwiki\ActionRouter->__construct()
  #18 C:\xampp\htdocs\dokuwiki\inc\actions.php(16): dokuwiki\ActionRouter::getInstance(true)
  #19 C:\xampp\htdocs\dokuwiki\doku.php(122): act_dispatch()
  #20 {main}
2022-02-25 01:02:53	C:\xampp\htdocs\dokuwiki\vendor\elasticsearch\elasticsearch\src\Elasticsearch\Endpoints\AbstractEndpoint.php(240)	Elasticsearch\Common\Exceptions\UnexpectedValueException: "body" is not a valid parameter. Allowed parameters are "error_trace", "filter_path", "human", "if_primary_term", "if_seq_no", "opaqueId", "pretty", "refresh", "routing", "source", "timeout", "version", "version_type", "wait_for_active_shards"
  #0 C:\xampp\htdocs\dokuwiki\vendor\elasticsearch\elasticsearch\src\Elasticsearch\Endpoints\AbstractEndpoint.php(94): Elasticsearch\Endpoints\AbstractEndpoint->checkUserParams(Array)
  #1 C:\xampp\htdocs\dokuwiki\vendor\elasticsearch\elasticsearch\src\Elasticsearch\Client.php(430): Elasticsearch\Endpoints\AbstractEndpoint->setParams(Array)
  #2 C:\xampp\htdocs\dokuwiki\inc\Action\Save.php(99): Elasticsearch\Client->delete(Array)
  #3 C:\xampp\htdocs\dokuwiki\inc\load.php(129): require('C:\\xampp\\htdocs...')
  #4 [internal function]: load_autoload('dokuwiki/Action...')
  #5 C:\xampp\htdocs\dokuwiki\inc\ActionRouter.php(184): class_exists('dokuwiki\\Action...')
  #6 C:\xampp\htdocs\dokuwiki\inc\ActionRouter.php(81): dokuwiki\ActionRouter->loadAction('save')
  #7 C:\xampp\htdocs\dokuwiki\inc\ActionRouter.php(48): dokuwiki\ActionRouter->setupAction('save')
  #8 C:\xampp\htdocs\dokuwiki\inc\ActionRouter.php(60): dokuwiki\ActionRouter->__construct()
  #9 C:\xampp\htdocs\dokuwiki\inc\actions.php(16): dokuwiki\ActionRouter::getInstance(true)
  #10 C:\xampp\htdocs\dokuwiki\doku.php(122): act_dispatch()
  #11 {main}
2022-02-25 01:03:08	C:\xampp\htdocs\dokuwiki\vendor\elasticsearch\elasticsearch\src\Elasticsearch\Endpoints\AbstractEndpoint.php(240)	Elasticsearch\Common\Exceptions\UnexpectedValueException: "body" is not a valid parameter. Allowed parameters are "error_trace", "filter_path", "human", "if_primary_term", "if_seq_no", "opaqueId", "pretty", "refresh", "routing", "source", "timeout", "version", "version_type", "wait_for_active_shards"
  #0 C:\xampp\htdocs\dokuwiki\vendor\elasticsearch\elasticsearch\src\Elasticsearch\Endpoints\AbstractEndpoint.php(94): Elasticsearch\Endpoints\AbstractEndpoint->checkUserParams(Array)
  #1 C:\xampp\htdocs\dokuwiki\vendor\elasticsearch\elasticsearch\src\Elasticsearch\Client.php(430): Elasticsearch\Endpoints\AbstractEndpoint->setParams(Array)
  #2 C:\xampp\htdocs\dokuwiki\inc\Action\Save.php(99): Elasticsearch\Client->delete(Array)
  #3 C:\xampp\htdocs\dokuwiki\inc\load.php(129): require('C:\\xampp\\htdocs...')
  #4 [internal function]: load_autoload('dokuwiki/Action...')
  #5 C:\xampp\htdocs\dokuwiki\inc\ActionRouter.php(184): class_exists('dokuwiki\\Action...')
  #6 C:\xampp\htdocs\dokuwiki\inc\ActionRouter.php(81): dokuwiki\ActionRouter->loadAction('save')
  #7 C:\xampp\htdocs\dokuwiki\inc\ActionRouter.php(48): dokuwiki\ActionRouter->setupAction('save')
  #8 C:\xampp\htdocs\dokuwiki\inc\ActionRouter.php(60): dokuwiki\ActionRouter->__construct()
  #9 C:\xampp\htdocs\dokuwiki\inc\actions.php(16): dokuwiki\ActionRouter::getInstance(true)
  #10 C:\xampp\htdocs\dokuwiki\doku.php(122): act_dispatch()
  #11 {main}
2022-02-25 01:09:05	C:\xampp\htdocs\dokuwiki\vendor\elasticsearch\elasticsearch\src\Elasticsearch\Client.php(814)	TypeError: Elasticsearch\Client::index(): Argument #1 ($params) must be of type array, null given, called in C:\xampp\htdocs\dokuwiki\inc\Action\Save.php on line 109
  #0 C:\xampp\htdocs\dokuwiki\inc\Action\Save.php(109): Elasticsearch\Client->index(NULL)
  #1 C:\xampp\htdocs\dokuwiki\inc\load.php(129): require('C:\\xampp\\htdocs...')
  #2 [internal function]: load_autoload('dokuwiki/Action...')
  #3 C:\xampp\htdocs\dokuwiki\inc\ActionRouter.php(184): class_exists('dokuwiki\\Action...')
  #4 C:\xampp\htdocs\dokuwiki\inc\ActionRouter.php(81): dokuwiki\ActionRouter->loadAction('save')
  #5 C:\xampp\htdocs\dokuwiki\inc\ActionRouter.php(48): dokuwiki\ActionRouter->setupAction('save')
  #6 C:\xampp\htdocs\dokuwiki\inc\ActionRouter.php(60): dokuwiki\ActionRouter->__construct()
  #7 C:\xampp\htdocs\dokuwiki\inc\actions.php(16): dokuwiki\ActionRouter::getInstance(true)
  #8 C:\xampp\htdocs\dokuwiki\doku.php(122): act_dispatch()
  #9 {main}
2022-02-25 01:09:55	C:\xampp\htdocs\dokuwiki\vendor\elasticsearch\elasticsearch\src\Elasticsearch\Client.php(814)	TypeError: Elasticsearch\Client::index(): Argument #1 ($params) must be of type array, null given, called in C:\xampp\htdocs\dokuwiki\inc\Action\Save.php on line 110
  #0 C:\xampp\htdocs\dokuwiki\inc\Action\Save.php(110): Elasticsearch\Client->index(NULL)
  #1 C:\xampp\htdocs\dokuwiki\inc\load.php(129): require('C:\\xampp\\htdocs...')
  #2 [internal function]: load_autoload('dokuwiki/Action...')
  #3 C:\xampp\htdocs\dokuwiki\inc\ActionRouter.php(184): class_exists('dokuwiki\\Action...')
  #4 C:\xampp\htdocs\dokuwiki\inc\ActionRouter.php(81): dokuwiki\ActionRouter->loadAction('save')
  #5 C:\xampp\htdocs\dokuwiki\inc\ActionRouter.php(48): dokuwiki\ActionRouter->setupAction('save')
  #6 C:\xampp\htdocs\dokuwiki\inc\ActionRouter.php(60): dokuwiki\ActionRouter->__construct()
  #7 C:\xampp\htdocs\dokuwiki\inc\actions.php(16): dokuwiki\ActionRouter::getInstance(true)
  #8 C:\xampp\htdocs\dokuwiki\doku.php(122): act_dispatch()
  #9 {main}
2022-02-25 01:13:27	C:\xampp\htdocs\dokuwiki\vendor\elasticsearch\elasticsearch\src\Elasticsearch\Client.php(814)	TypeError: Elasticsearch\Client::index(): Argument #1 ($params) must be of type array, null given, called in C:\xampp\htdocs\dokuwiki\inc\Action\Save.php on line 111
  #0 C:\xampp\htdocs\dokuwiki\inc\Action\Save.php(111): Elasticsearch\Client->index(NULL)
  #1 C:\xampp\htdocs\dokuwiki\inc\load.php(129): require('C:\\xampp\\htdocs...')
  #2 [internal function]: load_autoload('dokuwiki/Action...')
  #3 C:\xampp\htdocs\dokuwiki\inc\ActionRouter.php(184): class_exists('dokuwiki\\Action...')
  #4 C:\xampp\htdocs\dokuwiki\inc\ActionRouter.php(81): dokuwiki\ActionRouter->loadAction('save')
  #5 C:\xampp\htdocs\dokuwiki\inc\ActionRouter.php(48): dokuwiki\ActionRouter->setupAction('save')
  #6 C:\xampp\htdocs\dokuwiki\inc\ActionRouter.php(60): dokuwiki\ActionRouter->__construct()
  #7 C:\xampp\htdocs\dokuwiki\inc\actions.php(16): dokuwiki\ActionRouter::getInstance(true)
  #8 C:\xampp\htdocs\dokuwiki\doku.php(122): act_dispatch()
  #9 {main}
2022-02-25 01:14:01	C:\xampp\htdocs\dokuwiki\vendor\elasticsearch\elasticsearch\src\Elasticsearch\Client.php(814)	TypeError: Elasticsearch\Client::index(): Argument #1 ($params) must be of type array, null given, called in C:\xampp\htdocs\dokuwiki\inc\Action\Save.php on line 111
  #0 C:\xampp\htdocs\dokuwiki\inc\Action\Save.php(111): Elasticsearch\Client->index(NULL)
  #1 C:\xampp\htdocs\dokuwiki\inc\load.php(129): require('C:\\xampp\\htdocs...')
  #2 [internal function]: load_autoload('dokuwiki/Action...')
  #3 C:\xampp\htdocs\dokuwiki\inc\ActionRouter.php(184): class_exists('dokuwiki\\Action...')
  #4 C:\xampp\htdocs\dokuwiki\inc\ActionRouter.php(81): dokuwiki\ActionRouter->loadAction('save')
  #5 C:\xampp\htdocs\dokuwiki\inc\ActionRouter.php(48): dokuwiki\ActionRouter->setupAction('save')
  #6 C:\xampp\htdocs\dokuwiki\inc\ActionRouter.php(60): dokuwiki\ActionRouter->__construct()
  #7 C:\xampp\htdocs\dokuwiki\inc\actions.php(16): dokuwiki\ActionRouter::getInstance(true)
  #8 C:\xampp\htdocs\dokuwiki\doku.php(122): act_dispatch()
  #9 {main}
2022-02-25 01:16:20	C:\xampp\htdocs\dokuwiki\vendor\elasticsearch\elasticsearch\src\Elasticsearch\Client.php(422)	TypeError: Elasticsearch\Client::delete(): Argument #1 ($params) must be of type array, null given, called in C:\xampp\htdocs\dokuwiki\inc\Action\Save.php on line 104
  #0 C:\xampp\htdocs\dokuwiki\inc\Action\Save.php(104): Elasticsearch\Client->delete(NULL)
  #1 C:\xampp\htdocs\dokuwiki\inc\load.php(129): require('C:\\xampp\\htdocs...')
  #2 [internal function]: load_autoload('dokuwiki/Action...')
  #3 C:\xampp\htdocs\dokuwiki\inc\ActionRouter.php(184): class_exists('dokuwiki\\Action...')
  #4 C:\xampp\htdocs\dokuwiki\inc\ActionRouter.php(81): dokuwiki\ActionRouter->loadAction('save')
  #5 C:\xampp\htdocs\dokuwiki\inc\ActionRouter.php(48): dokuwiki\ActionRouter->setupAction('save')
  #6 C:\xampp\htdocs\dokuwiki\inc\ActionRouter.php(60): dokuwiki\ActionRouter->__construct()
  #7 C:\xampp\htdocs\dokuwiki\inc\actions.php(16): dokuwiki\ActionRouter::getInstance(true)
  #8 C:\xampp\htdocs\dokuwiki\doku.php(122): act_dispatch()
  #9 {main}
