2022-02-24 07:15:57	C:\xampp\htdocs\dokuwiki\inc\media.php(303)	TypeError: key_exists(): Argument #2 ($array) must be of type array, null given
  #0 C:\xampp\htdocs\dokuwiki\inc\media.php(303): key_exists('c8_daodongdient...', NULL)
  #1 C:\xampp\htdocs\dokuwiki\lib\exe\mediamanager.php(104): media_delete('c8_daodongdient...', 255)
  #2 C:\xampp\htdocs\dokuwiki\inc\Ajax.php(227): require_once('C:\\xampp\\htdocs...')
  #3 C:\xampp\htdocs\dokuwiki\inc\Ajax.php(24): dokuwiki\Ajax->callMediadetails()
  #4 C:\xampp\htdocs\dokuwiki\lib\exe\ajax.php(22): dokuwiki\Ajax->__construct('mediadetails')
  #5 {main}
2022-02-24 07:17:36	C:\xampp\htdocs\dokuwiki\inc\media.php(517)	TypeError: key_exists(): Argument #2 ($array) must be of type array, null given
  #0 C:\xampp\htdocs\dokuwiki\inc\media.php(517): key_exists('c3_dienmoi.pdf', NULL)
  #1 C:\xampp\htdocs\dokuwiki\inc\media.php(352): media_save(Array, 'c3_dienmoi.pdf', false, 255, 'copy')
  #2 C:\xampp\htdocs\dokuwiki\inc\Ajax.php(282): media_upload_xhr('', 255)
  #3 C:\xampp\htdocs\dokuwiki\inc\Ajax.php(24): dokuwiki\Ajax->callMediaupload()
  #4 C:\xampp\htdocs\dokuwiki\lib\exe\ajax.php(22): dokuwiki\Ajax->__construct('mediaupload')
  #5 {main}
2022-02-24 07:18:51	C:\xampp\htdocs\dokuwiki\inc\media.php(517)	TypeError: key_exists(): Argument #2 ($array) must be of type array, null given
  #0 C:\xampp\htdocs\dokuwiki\inc\media.php(517): key_exists('gi\xE1\xBA\xA3-bai-t\xE1\xBA\xADp...', NULL)
  #1 C:\xampp\htdocs\dokuwiki\inc\media.php(352): media_save(Array, 'gi\xE1\xBA\xA3-bai-t\xE1\xBA\xADp...', false, 255, 'copy')
  #2 C:\xampp\htdocs\dokuwiki\inc\Ajax.php(282): media_upload_xhr('', 255)
  #3 C:\xampp\htdocs\dokuwiki\inc\Ajax.php(24): dokuwiki\Ajax->callMediaupload()
  #4 C:\xampp\htdocs\dokuwiki\lib\exe\ajax.php(22): dokuwiki\Ajax->__construct('mediaupload')
  #5 {main}
2022-02-24 07:20:16	C:\xampp\htdocs\dokuwiki\inc\media.php(303)	TypeError: key_exists(): Argument #2 ($array) must be of type array, null given
  #0 C:\xampp\htdocs\dokuwiki\inc\media.php(303): key_exists('gi\xE1\xBA\xA3-bai-t\xE1\xBA\xADp...', NULL)
  #1 C:\xampp\htdocs\dokuwiki\lib\exe\mediamanager.php(104): media_delete('gi\xE1\xBA\xA3-bai-t\xE1\xBA\xADp...', 255)
  #2 C:\xampp\htdocs\dokuwiki\inc\Ajax.php(227): require_once('C:\\xampp\\htdocs...')
  #3 C:\xampp\htdocs\dokuwiki\inc\Ajax.php(24): dokuwiki\Ajax->callMediadetails()
  #4 C:\xampp\htdocs\dokuwiki\lib\exe\ajax.php(22): dokuwiki\Ajax->__construct('mediadetails')
  #5 {main}
2022-02-24 07:20:27	C:\xampp\htdocs\dokuwiki\inc\media.php(517)	TypeError: key_exists(): Argument #2 ($array) must be of type array, null given
  #0 C:\xampp\htdocs\dokuwiki\inc\media.php(517): key_exists('gi\xE1\xBA\xA3-bai-t\xE1\xBA\xADp...', NULL)
  #1 C:\xampp\htdocs\dokuwiki\inc\media.php(352): media_save(Array, 'gi\xE1\xBA\xA3-bai-t\xE1\xBA\xADp...', false, 255, 'copy')
  #2 C:\xampp\htdocs\dokuwiki\inc\Ajax.php(282): media_upload_xhr('', 255)
  #3 C:\xampp\htdocs\dokuwiki\inc\Ajax.php(24): dokuwiki\Ajax->callMediaupload()
  #4 C:\xampp\htdocs\dokuwiki\lib\exe\ajax.php(22): dokuwiki\Ajax->__construct('mediaupload')
  #5 {main}
2022-02-24 07:25:33	C:\xampp\htdocs\dokuwiki\inc\media.php(793)	Error: Object of class dokuwiki\File\MediaFile could not be converted to string
  #0 C:\xampp\htdocs\dokuwiki\inc\media.php(974): media_filelist('', 255, NULL, true, 'name')
  #1 C:\xampp\htdocs\dokuwiki\inc\template.php(1409): media_tab_files('', 255, NULL)
  #2 C:\xampp\htdocs\dokuwiki\inc\template.php(1777): tpl_mediaFileList()
  #3 C:\xampp\htdocs\dokuwiki\inc\Action\Media.php(23): tpl_media()
  #4 C:\xampp\htdocs\dokuwiki\inc\template.php(100): dokuwiki\Action\Media->tplContent()
  #5 [internal function]: tpl_content_core('media')
  #6 C:\xampp\htdocs\dokuwiki\inc\Extension\Event.php(133): call_user_func_array('tpl_content_cor...', Array)
  #7 C:\xampp\htdocs\dokuwiki\inc\Extension\Event.php(199): dokuwiki\Extension\Event->trigger('tpl_content_cor...', true)
  #8 C:\xampp\htdocs\dokuwiki\inc\template.php(85): dokuwiki\Extension\Event::createAndTrigger('TPL_ACT_RENDER', 'media', 'tpl_content_cor...')
  #9 C:\xampp\htdocs\dokuwiki\lib\tpl\dokuwiki\main.php(59): tpl_content()
  #10 C:\xampp\htdocs\dokuwiki\inc\actions.php(27): include('C:\\xampp\\htdocs...')
  #11 C:\xampp\htdocs\dokuwiki\doku.php(122): act_dispatch()
  #12 {main}
2022-02-24 09:22:49	C:\xampp\htdocs\dokuwiki\inc\media.php(803)	TypeError: count(): Argument #1 ($value) must be of type Countable|array, null given
  #0 C:\xampp\htdocs\dokuwiki\inc\media.php(991): media_filelist('', 255, NULL, true, 'name')
  #1 C:\xampp\htdocs\dokuwiki\inc\template.php(1409): media_tab_files('', 255, NULL)
  #2 C:\xampp\htdocs\dokuwiki\inc\template.php(1777): tpl_mediaFileList()
  #3 C:\xampp\htdocs\dokuwiki\inc\Action\Media.php(23): tpl_media()
  #4 C:\xampp\htdocs\dokuwiki\inc\template.php(100): dokuwiki\Action\Media->tplContent()
  #5 [internal function]: tpl_content_core('media')
  #6 C:\xampp\htdocs\dokuwiki\inc\Extension\Event.php(133): call_user_func_array('tpl_content_cor...', Array)
  #7 C:\xampp\htdocs\dokuwiki\inc\Extension\Event.php(199): dokuwiki\Extension\Event->trigger('tpl_content_cor...', true)
  #8 C:\xampp\htdocs\dokuwiki\inc\template.php(85): dokuwiki\Extension\Event::createAndTrigger('TPL_ACT_RENDER', 'media', 'tpl_content_cor...')
  #9 C:\xampp\htdocs\dokuwiki\lib\tpl\dokuwiki\main.php(59): tpl_content()
  #10 C:\xampp\htdocs\dokuwiki\inc\actions.php(27): include('C:\\xampp\\htdocs...')
  #11 C:\xampp\htdocs\dokuwiki\doku.php(122): act_dispatch()
  #12 {main}
2022-02-24 14:33:07	C:\xampp\htdocs\dokuwiki\inc\media.php(803)	TypeError: count(): Argument #1 ($value) must be of type Countable|array, null given
  #0 C:\xampp\htdocs\dokuwiki\inc\media.php(991): media_filelist('', 255, NULL, true, 'name')
  #1 C:\xampp\htdocs\dokuwiki\inc\template.php(1409): media_tab_files('', 255, NULL)
  #2 C:\xampp\htdocs\dokuwiki\inc\template.php(1777): tpl_mediaFileList()
  #3 C:\xampp\htdocs\dokuwiki\inc\Action\Media.php(23): tpl_media()
  #4 C:\xampp\htdocs\dokuwiki\inc\template.php(100): dokuwiki\Action\Media->tplContent()
  #5 [internal function]: tpl_content_core('media')
  #6 C:\xampp\htdocs\dokuwiki\inc\Extension\Event.php(133): call_user_func_array('tpl_content_cor...', Array)
  #7 C:\xampp\htdocs\dokuwiki\inc\Extension\Event.php(199): dokuwiki\Extension\Event->trigger('tpl_content_cor...', true)
  #8 C:\xampp\htdocs\dokuwiki\inc\template.php(85): dokuwiki\Extension\Event::createAndTrigger('TPL_ACT_RENDER', 'media', 'tpl_content_cor...')
  #9 C:\xampp\htdocs\dokuwiki\lib\tpl\dokuwiki\main.php(59): tpl_content()
  #10 C:\xampp\htdocs\dokuwiki\inc\actions.php(27): include('C:\\xampp\\htdocs...')
  #11 C:\xampp\htdocs\dokuwiki\doku.php(122): act_dispatch()
  #12 {main}
2022-02-24 14:38:10	C:\xampp\htdocs\dokuwiki\inc\media.php(803)	TypeError: count(): Argument #1 ($value) must be of type Countable|array, null given
  #0 C:\xampp\htdocs\dokuwiki\inc\media.php(991): media_filelist('', 255, NULL, true, 'name')
  #1 C:\xampp\htdocs\dokuwiki\inc\template.php(1409): media_tab_files('', 255, NULL)
  #2 C:\xampp\htdocs\dokuwiki\inc\template.php(1777): tpl_mediaFileList()
  #3 C:\xampp\htdocs\dokuwiki\inc\Action\Media.php(23): tpl_media()
  #4 C:\xampp\htdocs\dokuwiki\inc\template.php(100): dokuwiki\Action\Media->tplContent()
  #5 [internal function]: tpl_content_core('media')
  #6 C:\xampp\htdocs\dokuwiki\inc\Extension\Event.php(133): call_user_func_array('tpl_content_cor...', Array)
  #7 C:\xampp\htdocs\dokuwiki\inc\Extension\Event.php(199): dokuwiki\Extension\Event->trigger('tpl_content_cor...', true)
  #8 C:\xampp\htdocs\dokuwiki\inc\template.php(85): dokuwiki\Extension\Event::createAndTrigger('TPL_ACT_RENDER', 'media', 'tpl_content_cor...')
  #9 C:\xampp\htdocs\dokuwiki\lib\tpl\dokuwiki\main.php(59): tpl_content()
  #10 C:\xampp\htdocs\dokuwiki\inc\actions.php(27): include('C:\\xampp\\htdocs...')
  #11 C:\xampp\htdocs\dokuwiki\doku.php(122): act_dispatch()
  #12 {main}
2022-02-24 14:39:22	C:\xampp\htdocs\dokuwiki\inc\Ui\Media\DisplayTile.php(16)	TypeError: dokuwiki\Ui\Media\DisplayTile::__construct(): Argument #1 ($mediaFile) must be of type dokuwiki\File\MediaFile, stdClass given, called in C:\xampp\htdocs\dokuwiki\inc\media.php on line 819
  #0 C:\xampp\htdocs\dokuwiki\inc\media.php(819): dokuwiki\Ui\Media\DisplayTile->__construct(Object(stdClass))
  #1 C:\xampp\htdocs\dokuwiki\inc\media.php(991): media_filelist('', 255, NULL, true, 'name')
  #2 C:\xampp\htdocs\dokuwiki\inc\template.php(1409): media_tab_files('', 255, NULL)
  #3 C:\xampp\htdocs\dokuwiki\inc\template.php(1777): tpl_mediaFileList()
  #4 C:\xampp\htdocs\dokuwiki\inc\Action\Media.php(23): tpl_media()
  #5 C:\xampp\htdocs\dokuwiki\inc\template.php(100): dokuwiki\Action\Media->tplContent()
  #6 [internal function]: tpl_content_core('media')
  #7 C:\xampp\htdocs\dokuwiki\inc\Extension\Event.php(133): call_user_func_array('tpl_content_cor...', Array)
  #8 C:\xampp\htdocs\dokuwiki\inc\Extension\Event.php(199): dokuwiki\Extension\Event->trigger('tpl_content_cor...', true)
  #9 C:\xampp\htdocs\dokuwiki\inc\template.php(85): dokuwiki\Extension\Event::createAndTrigger('TPL_ACT_RENDER', 'media', 'tpl_content_cor...')
  #10 C:\xampp\htdocs\dokuwiki\lib\tpl\dokuwiki\main.php(59): tpl_content()
  #11 C:\xampp\htdocs\dokuwiki\inc\actions.php(27): include('C:\\xampp\\htdocs...')
  #12 C:\xampp\htdocs\dokuwiki\doku.php(122): act_dispatch()
  #13 {main}
2022-02-24 14:40:03	C:\xampp\htdocs\dokuwiki\inc\Ui\Media\DisplayTile.php(16)	TypeError: dokuwiki\Ui\Media\DisplayTile::__construct(): Argument #1 ($mediaFile) must be of type dokuwiki\File\MediaFile, stdClass given, called in C:\xampp\htdocs\dokuwiki\inc\media.php on line 819
  #0 C:\xampp\htdocs\dokuwiki\inc\media.php(819): dokuwiki\Ui\Media\DisplayTile->__construct(Object(stdClass))
  #1 C:\xampp\htdocs\dokuwiki\inc\media.php(991): media_filelist('', 255, NULL, true, 'name')
  #2 C:\xampp\htdocs\dokuwiki\inc\template.php(1409): media_tab_files('', 255, NULL)
  #3 C:\xampp\htdocs\dokuwiki\inc\template.php(1777): tpl_mediaFileList()
  #4 C:\xampp\htdocs\dokuwiki\inc\Action\Media.php(23): tpl_media()
  #5 C:\xampp\htdocs\dokuwiki\inc\template.php(100): dokuwiki\Action\Media->tplContent()
  #6 [internal function]: tpl_content_core('media')
  #7 C:\xampp\htdocs\dokuwiki\inc\Extension\Event.php(133): call_user_func_array('tpl_content_cor...', Array)
  #8 C:\xampp\htdocs\dokuwiki\inc\Extension\Event.php(199): dokuwiki\Extension\Event->trigger('tpl_content_cor...', true)
  #9 C:\xampp\htdocs\dokuwiki\inc\template.php(85): dokuwiki\Extension\Event::createAndTrigger('TPL_ACT_RENDER', 'media', 'tpl_content_cor...')
  #10 C:\xampp\htdocs\dokuwiki\lib\tpl\dokuwiki\main.php(59): tpl_content()
  #11 C:\xampp\htdocs\dokuwiki\inc\actions.php(27): include('C:\\xampp\\htdocs...')
  #12 C:\xampp\htdocs\dokuwiki\doku.php(122): act_dispatch()
  #13 {main}
2022-02-24 14:43:50	C:\xampp\htdocs\dokuwiki\inc\media.php(820)	Error: Call to undefined method stdClass::scrollIntoView()
  #0 C:\xampp\htdocs\dokuwiki\inc\media.php(991): media_filelist('', 255, NULL, true, 'name')
  #1 C:\xampp\htdocs\dokuwiki\inc\template.php(1409): media_tab_files('', 255, NULL)
  #2 C:\xampp\htdocs\dokuwiki\inc\template.php(1777): tpl_mediaFileList()
  #3 C:\xampp\htdocs\dokuwiki\inc\Action\Media.php(23): tpl_media()
  #4 C:\xampp\htdocs\dokuwiki\inc\template.php(100): dokuwiki\Action\Media->tplContent()
  #5 [internal function]: tpl_content_core('media')
  #6 C:\xampp\htdocs\dokuwiki\inc\Extension\Event.php(133): call_user_func_array('tpl_content_cor...', Array)
  #7 C:\xampp\htdocs\dokuwiki\inc\Extension\Event.php(199): dokuwiki\Extension\Event->trigger('tpl_content_cor...', true)
  #8 C:\xampp\htdocs\dokuwiki\inc\template.php(85): dokuwiki\Extension\Event::createAndTrigger('TPL_ACT_RENDER', 'media', 'tpl_content_cor...')
  #9 C:\xampp\htdocs\dokuwiki\lib\tpl\dokuwiki\main.php(59): tpl_content()
  #10 C:\xampp\htdocs\dokuwiki\inc\actions.php(27): include('C:\\xampp\\htdocs...')
  #11 C:\xampp\htdocs\dokuwiki\doku.php(122): act_dispatch()
  #12 {main}
2022-02-24 14:44:15	C:\xampp\htdocs\dokuwiki\inc\media.php(821)	Error: Call to undefined method stdClass::show()
  #0 C:\xampp\htdocs\dokuwiki\inc\media.php(991): media_filelist('', 255, NULL, true, 'name')
  #1 C:\xampp\htdocs\dokuwiki\inc\template.php(1409): media_tab_files('', 255, NULL)
  #2 C:\xampp\htdocs\dokuwiki\inc\template.php(1777): tpl_mediaFileList()
  #3 C:\xampp\htdocs\dokuwiki\inc\Action\Media.php(23): tpl_media()
  #4 C:\xampp\htdocs\dokuwiki\inc\template.php(100): dokuwiki\Action\Media->tplContent()
  #5 [internal function]: tpl_content_core('media')
  #6 C:\xampp\htdocs\dokuwiki\inc\Extension\Event.php(133): call_user_func_array('tpl_content_cor...', Array)
  #7 C:\xampp\htdocs\dokuwiki\inc\Extension\Event.php(199): dokuwiki\Extension\Event->trigger('tpl_content_cor...', true)
  #8 C:\xampp\htdocs\dokuwiki\inc\template.php(85): dokuwiki\Extension\Event::createAndTrigger('TPL_ACT_RENDER', 'media', 'tpl_content_cor...')
  #9 C:\xampp\htdocs\dokuwiki\lib\tpl\dokuwiki\main.php(59): tpl_content()
  #10 C:\xampp\htdocs\dokuwiki\inc\actions.php(27): include('C:\\xampp\\htdocs...')
  #11 C:\xampp\htdocs\dokuwiki\doku.php(122): act_dispatch()
  #12 {main}
2022-02-24 15:21:03	C:\xampp\htdocs\dokuwiki\inc\media.php(803)	Error: Cannot use object of type stdClass as array
  #0 C:\xampp\htdocs\dokuwiki\inc\media.php(994): media_filelist('', 255, NULL, true, 'name')
  #1 C:\xampp\htdocs\dokuwiki\inc\template.php(1409): media_tab_files('', 255, NULL)
  #2 C:\xampp\htdocs\dokuwiki\inc\template.php(1777): tpl_mediaFileList()
  #3 C:\xampp\htdocs\dokuwiki\inc\Action\Media.php(23): tpl_media()
  #4 C:\xampp\htdocs\dokuwiki\inc\template.php(100): dokuwiki\Action\Media->tplContent()
  #5 [internal function]: tpl_content_core('media')
  #6 C:\xampp\htdocs\dokuwiki\inc\Extension\Event.php(133): call_user_func_array('tpl_content_cor...', Array)
  #7 C:\xampp\htdocs\dokuwiki\inc\Extension\Event.php(199): dokuwiki\Extension\Event->trigger('tpl_content_cor...', true)
  #8 C:\xampp\htdocs\dokuwiki\inc\template.php(85): dokuwiki\Extension\Event::createAndTrigger('TPL_ACT_RENDER', 'media', 'tpl_content_cor...')
  #9 C:\xampp\htdocs\dokuwiki\lib\tpl\dokuwiki\main.php(59): tpl_content()
  #10 C:\xampp\htdocs\dokuwiki\inc\actions.php(27): include('C:\\xampp\\htdocs...')
  #11 C:\xampp\htdocs\dokuwiki\doku.php(122): act_dispatch()
  #12 {main}
