2022-02-07 04:06:24	C:\xampp\htdocs\dokuwiki\inc\Action\Media.php(12)	dokuwiki\Exception\FatalException: Class dokuwiki\Action\Media contains 1 abstract method and must therefore be declared abstract or implement the remaining methods (dokuwiki\Action\AbstractAction::minimumPermission)
  #0 [internal function]: dokuwiki\ErrorHandler::fatalShutdown()
  #1 {main}
2022-02-07 06:06:35	C:\xampp\htdocs\dokuwiki\inc\template.php(1411)	Error: Call to undefined function media_tab_upload()
  #0 C:\xampp\htdocs\dokuwiki\inc\Ajax.php(212): tpl_mediaFileList()
  #1 C:\xampp\htdocs\dokuwiki\inc\Ajax.php(24): dokuwiki\Ajax->callMedialist()
  #2 C:\xampp\htdocs\dokuwiki\lib\exe\ajax.php(22): dokuwiki\Ajax->__construct('medialist')
  #3 {main}
2022-02-07 08:50:15	C:\xampp\htdocs\dokuwiki\inc\Ui\Media\DisplayTile.php(22)	Error: Call to undefined method dokuwiki\File\MediaFile::getId()
  #0 C:\xampp\htdocs\dokuwiki\inc\media.php(720): dokuwiki\Ui\Media\DisplayTile->__construct(Object(dokuwiki\File\MediaFile))
  #1 C:\xampp\htdocs\dokuwiki\inc\media.php(892): media_filelist('', 8, NULL, true, 'date')
  #2 C:\xampp\htdocs\dokuwiki\inc\template.php(1409): media_tab_files('', 8, NULL)
  #3 C:\xampp\htdocs\dokuwiki\inc\template.php(1777): tpl_mediaFileList()
  #4 C:\xampp\htdocs\dokuwiki\inc\Action\Media.php(21): tpl_media()
  #5 C:\xampp\htdocs\dokuwiki\inc\template.php(100): dokuwiki\Action\Media->tplContent()
  #6 [internal function]: tpl_content_core('media')
  #7 C:\xampp\htdocs\dokuwiki\inc\Extension\Event.php(133): call_user_func_array('tpl_content_cor...', Array)
  #8 C:\xampp\htdocs\dokuwiki\inc\Extension\Event.php(199): dokuwiki\Extension\Event->trigger('tpl_content_cor...', true)
  #9 C:\xampp\htdocs\dokuwiki\inc\template.php(85): dokuwiki\Extension\Event::createAndTrigger('TPL_ACT_RENDER', 'media', 'tpl_content_cor...')
  #10 C:\xampp\htdocs\dokuwiki\lib\tpl\dokuwiki\main.php(59): tpl_content()
  #11 C:\xampp\htdocs\dokuwiki\inc\actions.php(27): include('C:\\xampp\\htdocs...')
  #12 C:\xampp\htdocs\dokuwiki\doku.php(122): act_dispatch()
  #13 {main}
2022-02-07 08:50:24	C:\xampp\htdocs\dokuwiki\inc\Ui\Media\DisplayTile.php(22)	Error: Call to undefined method dokuwiki\File\MediaFile::getId()
  #0 C:\xampp\htdocs\dokuwiki\inc\media.php(720): dokuwiki\Ui\Media\DisplayTile->__construct(Object(dokuwiki\File\MediaFile))
  #1 C:\xampp\htdocs\dokuwiki\inc\media.php(892): media_filelist('', 8, NULL, true, 'date')
  #2 C:\xampp\htdocs\dokuwiki\inc\template.php(1409): media_tab_files('', 8, NULL)
  #3 C:\xampp\htdocs\dokuwiki\inc\Ajax.php(212): tpl_mediaFileList()
  #4 C:\xampp\htdocs\dokuwiki\inc\Ajax.php(24): dokuwiki\Ajax->callMedialist()
  #5 C:\xampp\htdocs\dokuwiki\lib\exe\ajax.php(22): dokuwiki\Ajax->__construct('medialist')
  #6 {main}
2022-02-07 08:50:26	C:\xampp\htdocs\dokuwiki\inc\Ui\Media\DisplayTile.php(22)	Error: Call to undefined method dokuwiki\File\MediaFile::getId()
  #0 C:\xampp\htdocs\dokuwiki\inc\media.php(720): dokuwiki\Ui\Media\DisplayTile->__construct(Object(dokuwiki\File\MediaFile))
  #1 C:\xampp\htdocs\dokuwiki\inc\media.php(892): media_filelist('wiki', 8, NULL, true, 'date')
  #2 C:\xampp\htdocs\dokuwiki\inc\template.php(1409): media_tab_files('wiki', 8, NULL)
  #3 C:\xampp\htdocs\dokuwiki\inc\Ajax.php(212): tpl_mediaFileList()
  #4 C:\xampp\htdocs\dokuwiki\inc\Ajax.php(24): dokuwiki\Ajax->callMedialist()
  #5 C:\xampp\htdocs\dokuwiki\lib\exe\ajax.php(22): dokuwiki\Ajax->__construct('medialist')
  #6 {main}
