2022-02-17 07:21:25	C:\xampp\htdocs\dokuwiki\inc\media.php(563)	Error: Value of type null is not callable
  #0 C:\xampp\htdocs\dokuwiki\inc\media.php(526): media_upload_finish(NULL, NULL, NULL, NULL, NULL, NULL)
  #1 [internal function]: _media_upload_action(Array)
  #2 C:\xampp\htdocs\dokuwiki\inc\Extension\Event.php(133): call_user_func_array('_media_upload_a...', Array)
  #3 C:\xampp\htdocs\dokuwiki\inc\Extension\Event.php(199): dokuwiki\Extension\Event->trigger('_media_upload_a...', true)
  #4 C:\xampp\htdocs\dokuwiki\inc\media.php(511): dokuwiki\Extension\Event::createAndTrigger('MEDIA_UPLOAD_FI...', Array, '_media_upload_a...', true)
  #5 C:\xampp\htdocs\dokuwiki\inc\media.php(317): media_save(Array, 'tuan_1.pdf', false, 255, 'copy')
  #6 C:\xampp\htdocs\dokuwiki\inc\Ajax.php(282): media_upload_xhr('', 255)
  #7 C:\xampp\htdocs\dokuwiki\inc\Ajax.php(24): dokuwiki\Ajax->callMediaupload()
  #8 C:\xampp\htdocs\dokuwiki\lib\exe\ajax.php(22): dokuwiki\Ajax->__construct('mediaupload')
  #9 {main}
2022-02-17 07:21:34	C:\xampp\htdocs\dokuwiki\inc\media.php(563)	Error: Value of type null is not callable
  #0 C:\xampp\htdocs\dokuwiki\inc\media.php(526): media_upload_finish(NULL, NULL, NULL, NULL, NULL, NULL)
  #1 [internal function]: _media_upload_action(Array)
  #2 C:\xampp\htdocs\dokuwiki\inc\Extension\Event.php(133): call_user_func_array('_media_upload_a...', Array)
  #3 C:\xampp\htdocs\dokuwiki\inc\Extension\Event.php(199): dokuwiki\Extension\Event->trigger('_media_upload_a...', true)
  #4 C:\xampp\htdocs\dokuwiki\inc\media.php(511): dokuwiki\Extension\Event::createAndTrigger('MEDIA_UPLOAD_FI...', Array, '_media_upload_a...', true)
  #5 C:\xampp\htdocs\dokuwiki\inc\media.php(317): media_save(Array, 'tuan_1.pdf', false, 255, 'copy')
  #6 C:\xampp\htdocs\dokuwiki\inc\Ajax.php(282): media_upload_xhr('', 255)
  #7 C:\xampp\htdocs\dokuwiki\inc\Ajax.php(24): dokuwiki\Ajax->callMediaupload()
  #8 C:\xampp\htdocs\dokuwiki\lib\exe\ajax.php(22): dokuwiki\Ajax->__construct('mediaupload')
  #9 {main}
2022-02-17 07:23:30	C:\xampp\htdocs\dokuwiki\inc\media.php(563)	Error: Value of type null is not callable
  #0 C:\xampp\htdocs\dokuwiki\inc\media.php(526): media_upload_finish(NULL, NULL, NULL, NULL, NULL, NULL)
  #1 [internal function]: _media_upload_action(Array)
  #2 C:\xampp\htdocs\dokuwiki\inc\Extension\Event.php(133): call_user_func_array('_media_upload_a...', Array)
  #3 C:\xampp\htdocs\dokuwiki\inc\Extension\Event.php(199): dokuwiki\Extension\Event->trigger('_media_upload_a...', true)
  #4 C:\xampp\htdocs\dokuwiki\inc\media.php(511): dokuwiki\Extension\Event::createAndTrigger('MEDIA_UPLOAD_FI...', Array, '_media_upload_a...', true)
  #5 C:\xampp\htdocs\dokuwiki\inc\media.php(317): media_save(Array, 'tuan_1.pdf', false, 255, 'copy')
  #6 C:\xampp\htdocs\dokuwiki\inc\Ajax.php(282): media_upload_xhr('', 255)
  #7 C:\xampp\htdocs\dokuwiki\inc\Ajax.php(24): dokuwiki\Ajax->callMediaupload()
  #8 C:\xampp\htdocs\dokuwiki\lib\exe\ajax.php(22): dokuwiki\Ajax->__construct('mediaupload')
  #9 {main}
2022-02-17 08:05:03	C:\xampp\htdocs\dokuwiki\inc\media.php(504)	ValueError: Path cannot be empty
  #0 C:\xampp\htdocs\dokuwiki\inc\media.php(504): curl_setopt(Object(CurlHandle), 10015, Array)
  #1 C:\xampp\htdocs\dokuwiki\inc\media.php(317): media_save(Array, 'tuan_1.pdf', false, 255, 'copy')
  #2 C:\xampp\htdocs\dokuwiki\inc\Ajax.php(282): media_upload_xhr('', 255)
  #3 C:\xampp\htdocs\dokuwiki\inc\Ajax.php(24): dokuwiki\Ajax->callMediaupload()
  #4 C:\xampp\htdocs\dokuwiki\lib\exe\ajax.php(22): dokuwiki\Ajax->__construct('mediaupload')
  #5 {main}
2022-02-17 08:05:11	C:\xampp\htdocs\dokuwiki\inc\media.php(504)	ValueError: Path cannot be empty
  #0 C:\xampp\htdocs\dokuwiki\inc\media.php(504): curl_setopt(Object(CurlHandle), 10015, Array)
  #1 C:\xampp\htdocs\dokuwiki\inc\media.php(317): media_save(Array, 'scan-ppt-nhom-m...', false, 255, 'copy')
  #2 C:\xampp\htdocs\dokuwiki\inc\Ajax.php(282): media_upload_xhr('', 255)
  #3 C:\xampp\htdocs\dokuwiki\inc\Ajax.php(24): dokuwiki\Ajax->callMediaupload()
  #4 C:\xampp\htdocs\dokuwiki\lib\exe\ajax.php(22): dokuwiki\Ajax->__construct('mediaupload')
  #5 {main}
2022-02-17 08:06:06	C:\xampp\htdocs\dokuwiki\inc\media.php(504)	ValueError: Path cannot be empty
  #0 C:\xampp\htdocs\dokuwiki\inc\media.php(504): curl_setopt(Object(CurlHandle), 10015, Array)
  #1 C:\xampp\htdocs\dokuwiki\inc\media.php(317): media_save(Array, 'd\xE1\xBB\x81_gi\xE1\xBB\xAFa_ky....', false, 255, 'copy')
  #2 C:\xampp\htdocs\dokuwiki\inc\Ajax.php(282): media_upload_xhr('', 255)
  #3 C:\xampp\htdocs\dokuwiki\inc\Ajax.php(24): dokuwiki\Ajax->callMediaupload()
  #4 C:\xampp\htdocs\dokuwiki\lib\exe\ajax.php(22): dokuwiki\Ajax->__construct('mediaupload')
  #5 {main}
