2022-01-23 01:28:09	C:\xampp\htdocs\dokuwiki\inc\Action\Save.php(19)	Error: Class "dokuwiki\vendor\elasticsearch\elasticsearch\src\Elasticsearch\ClientBuilder" not found
  #0 C:\xampp\htdocs\dokuwiki\inc\load.php(129): require()
  #1 [internal function]: load_autoload('dokuwiki/Action...')
  #2 C:\xampp\htdocs\dokuwiki\inc\ActionRouter.php(184): class_exists('dokuwiki\\Action...')
  #3 C:\xampp\htdocs\dokuwiki\inc\ActionRouter.php(81): dokuwiki\ActionRouter->loadAction('save')
  #4 C:\xampp\htdocs\dokuwiki\inc\ActionRouter.php(48): dokuwiki\ActionRouter->setupAction('save')
  #5 C:\xampp\htdocs\dokuwiki\inc\ActionRouter.php(60): dokuwiki\ActionRouter->__construct()
  #6 C:\xampp\htdocs\dokuwiki\inc\actions.php(16): dokuwiki\ActionRouter::getInstance(true)
  #7 C:\xampp\htdocs\dokuwiki\doku.php(122): act_dispatch()
  #8 {main}
2022-01-23 02:28:06	C:\xampp\htdocs\dokuwiki\inc\Action\Save.php(9)	Error: Failed opening required 'dokuwiki/vendor/autoload.php' (include_path='C:\xampp\php\PEAR')
  #0 C:\xampp\htdocs\dokuwiki\inc\load.php(129): require()
  #1 [internal function]: load_autoload('dokuwiki/Action...')
  #2 C:\xampp\htdocs\dokuwiki\inc\ActionRouter.php(184): class_exists('dokuwiki\\Action...')
  #3 C:\xampp\htdocs\dokuwiki\inc\ActionRouter.php(81): dokuwiki\ActionRouter->loadAction('save')
  #4 C:\xampp\htdocs\dokuwiki\inc\ActionRouter.php(48): dokuwiki\ActionRouter->setupAction('save')
  #5 C:\xampp\htdocs\dokuwiki\inc\ActionRouter.php(60): dokuwiki\ActionRouter->__construct()
  #6 C:\xampp\htdocs\dokuwiki\inc\actions.php(16): dokuwiki\ActionRouter::getInstance(true)
  #7 C:\xampp\htdocs\dokuwiki\doku.php(122): act_dispatch()
  #8 {main}
2022-01-23 02:28:38	C:\xampp\htdocs\dokuwiki\inc\Action\Save.php(19)	Error: Class "dokuwiki\vendor\elasticsearch\elasticsearch\src\Elasticsearch\ClientBuilder" not found
  #0 C:\xampp\htdocs\dokuwiki\inc\load.php(129): require()
  #1 [internal function]: load_autoload('dokuwiki/Action...')
  #2 C:\xampp\htdocs\dokuwiki\inc\ActionRouter.php(184): class_exists('dokuwiki\\Action...')
  #3 C:\xampp\htdocs\dokuwiki\inc\ActionRouter.php(81): dokuwiki\ActionRouter->loadAction('save')
  #4 C:\xampp\htdocs\dokuwiki\inc\ActionRouter.php(48): dokuwiki\ActionRouter->setupAction('save')
  #5 C:\xampp\htdocs\dokuwiki\inc\ActionRouter.php(60): dokuwiki\ActionRouter->__construct()
  #6 C:\xampp\htdocs\dokuwiki\inc\actions.php(16): dokuwiki\ActionRouter::getInstance(true)
  #7 C:\xampp\htdocs\dokuwiki\doku.php(122): act_dispatch()
  #8 {main}
2022-01-23 03:05:37	C:\xampp\htdocs\dokuwiki\inc\Action\Save.php(19)	Error: Class "dokuwiki\vendor\elasticsearch\elasticsearch\src\Elasticsearch\ClientBuilder" not found
  #0 C:\xampp\htdocs\dokuwiki\inc\load.php(129): require()
  #1 [internal function]: load_autoload('dokuwiki/Action...')
  #2 C:\xampp\htdocs\dokuwiki\inc\ActionRouter.php(184): class_exists('dokuwiki\\Action...')
  #3 C:\xampp\htdocs\dokuwiki\inc\ActionRouter.php(81): dokuwiki\ActionRouter->loadAction('save')
  #4 C:\xampp\htdocs\dokuwiki\inc\ActionRouter.php(48): dokuwiki\ActionRouter->setupAction('save')
  #5 C:\xampp\htdocs\dokuwiki\inc\ActionRouter.php(60): dokuwiki\ActionRouter->__construct()
  #6 C:\xampp\htdocs\dokuwiki\inc\actions.php(16): dokuwiki\ActionRouter::getInstance(true)
  #7 C:\xampp\htdocs\dokuwiki\doku.php(122): act_dispatch()
  #8 {main}
2022-01-23 07:34:14	C:\xampp\htdocs\dokuwiki\inc\Action\Save.php(78)	Error: Call to a member function index() on null
  #0 C:\xampp\htdocs\dokuwiki\inc\ActionRouter.php(83): dokuwiki\Action\Save->preProcess()
  #1 C:\xampp\htdocs\dokuwiki\inc\ActionRouter.php(48): dokuwiki\ActionRouter->setupAction('save')
  #2 C:\xampp\htdocs\dokuwiki\inc\ActionRouter.php(60): dokuwiki\ActionRouter->__construct()
  #3 C:\xampp\htdocs\dokuwiki\inc\actions.php(16): dokuwiki\ActionRouter::getInstance(true)
  #4 C:\xampp\htdocs\dokuwiki\doku.php(122): act_dispatch()
  #5 {main}
2022-01-23 07:36:35	C:\xampp\htdocs\dokuwiki\inc\Action\Save.php(22)	ParseError: syntax error, unexpected variable "$hosts", expecting "function" or "const"
  #0 [internal function]: load_autoload('dokuwiki/Action...')
  #1 C:\xampp\htdocs\dokuwiki\inc\ActionRouter.php(184): class_exists('dokuwiki\\Action...')
  #2 C:\xampp\htdocs\dokuwiki\inc\ActionRouter.php(81): dokuwiki\ActionRouter->loadAction('save')
  #3 C:\xampp\htdocs\dokuwiki\inc\ActionRouter.php(48): dokuwiki\ActionRouter->setupAction('save')
  #4 C:\xampp\htdocs\dokuwiki\inc\ActionRouter.php(60): dokuwiki\ActionRouter->__construct()
  #5 C:\xampp\htdocs\dokuwiki\inc\actions.php(16): dokuwiki\ActionRouter::getInstance(true)
  #6 C:\xampp\htdocs\dokuwiki\doku.php(122): act_dispatch()
  #7 {main}
2022-01-23 07:37:00	C:\xampp\htdocs\dokuwiki\inc\Action\Save.php(22)	ParseError: syntax error, unexpected variable "$hosts", expecting "function" or "const"
  #0 [internal function]: load_autoload('dokuwiki/Action...')
  #1 C:\xampp\htdocs\dokuwiki\inc\ActionRouter.php(184): class_exists('dokuwiki\\Action...')
  #2 C:\xampp\htdocs\dokuwiki\inc\ActionRouter.php(81): dokuwiki\ActionRouter->loadAction('save')
  #3 C:\xampp\htdocs\dokuwiki\inc\ActionRouter.php(48): dokuwiki\ActionRouter->setupAction('save')
  #4 C:\xampp\htdocs\dokuwiki\inc\ActionRouter.php(60): dokuwiki\ActionRouter->__construct()
  #5 C:\xampp\htdocs\dokuwiki\inc\actions.php(16): dokuwiki\ActionRouter::getInstance(true)
  #6 C:\xampp\htdocs\dokuwiki\doku.php(122): act_dispatch()
  #7 {main}
2022-01-23 07:38:10	C:\xampp\htdocs\dokuwiki\inc\Action\Save.php(22)	ParseError: syntax error, unexpected variable "$hosts"
  #0 [internal function]: load_autoload('dokuwiki/Action...')
  #1 C:\xampp\htdocs\dokuwiki\inc\ActionRouter.php(184): class_exists('dokuwiki\\Action...')
  #2 C:\xampp\htdocs\dokuwiki\inc\ActionRouter.php(81): dokuwiki\ActionRouter->loadAction('save')
  #3 C:\xampp\htdocs\dokuwiki\inc\ActionRouter.php(48): dokuwiki\ActionRouter->setupAction('save')
  #4 C:\xampp\htdocs\dokuwiki\inc\ActionRouter.php(60): dokuwiki\ActionRouter->__construct()
  #5 C:\xampp\htdocs\dokuwiki\inc\actions.php(16): dokuwiki\ActionRouter::getInstance(true)
  #6 C:\xampp\htdocs\dokuwiki\doku.php(122): act_dispatch()
  #7 {main}
2022-01-23 07:40:12	C:\xampp\htdocs\dokuwiki\vendor\elasticsearch\elasticsearch\src\Elasticsearch\ClientBuilder.php(342)	TypeError: Elasticsearch\ClientBuilder::setHosts(): Argument #1 ($hosts) must be of type array, string given, called in C:\xampp\htdocs\dokuwiki\inc\Action\Save.php on line 11
  #0 C:\xampp\htdocs\dokuwiki\inc\Action\Save.php(11): Elasticsearch\ClientBuilder->setHosts('http://localhos...')
  #1 C:\xampp\htdocs\dokuwiki\inc\load.php(129): require('C:\\xampp\\htdocs...')
  #2 [internal function]: load_autoload('dokuwiki/Action...')
  #3 C:\xampp\htdocs\dokuwiki\inc\ActionRouter.php(184): class_exists('dokuwiki\\Action...')
  #4 C:\xampp\htdocs\dokuwiki\inc\ActionRouter.php(81): dokuwiki\ActionRouter->loadAction('save')
  #5 C:\xampp\htdocs\dokuwiki\inc\ActionRouter.php(48): dokuwiki\ActionRouter->setupAction('save')
  #6 C:\xampp\htdocs\dokuwiki\inc\ActionRouter.php(60): dokuwiki\ActionRouter->__construct()
  #7 C:\xampp\htdocs\dokuwiki\inc\actions.php(16): dokuwiki\ActionRouter::getInstance(true)
  #8 C:\xampp\htdocs\dokuwiki\doku.php(122): act_dispatch()
  #9 {main}
2022-01-23 07:40:16	C:\xampp\htdocs\dokuwiki\vendor\elasticsearch\elasticsearch\src\Elasticsearch\ClientBuilder.php(342)	TypeError: Elasticsearch\ClientBuilder::setHosts(): Argument #1 ($hosts) must be of type array, string given, called in C:\xampp\htdocs\dokuwiki\inc\Action\Save.php on line 11
  #0 C:\xampp\htdocs\dokuwiki\inc\Action\Save.php(11): Elasticsearch\ClientBuilder->setHosts('http://localhos...')
  #1 C:\xampp\htdocs\dokuwiki\inc\load.php(129): require('C:\\xampp\\htdocs...')
  #2 [internal function]: load_autoload('dokuwiki/Action...')
  #3 C:\xampp\htdocs\dokuwiki\inc\ActionRouter.php(184): class_exists('dokuwiki\\Action...')
  #4 C:\xampp\htdocs\dokuwiki\inc\ActionRouter.php(81): dokuwiki\ActionRouter->loadAction('save')
  #5 C:\xampp\htdocs\dokuwiki\inc\ActionRouter.php(48): dokuwiki\ActionRouter->setupAction('save')
  #6 C:\xampp\htdocs\dokuwiki\inc\ActionRouter.php(60): dokuwiki\ActionRouter->__construct()
  #7 C:\xampp\htdocs\dokuwiki\inc\actions.php(16): dokuwiki\ActionRouter::getInstance(true)
  #8 C:\xampp\htdocs\dokuwiki\doku.php(122): act_dispatch()
  #9 {main}
2022-01-23 07:41:34	C:\xampp\htdocs\dokuwiki\inc\Action\Save.php(80)	Error: Call to a member function index() on null
  #0 C:\xampp\htdocs\dokuwiki\inc\ActionRouter.php(83): dokuwiki\Action\Save->preProcess()
  #1 C:\xampp\htdocs\dokuwiki\inc\ActionRouter.php(48): dokuwiki\ActionRouter->setupAction('save')
  #2 C:\xampp\htdocs\dokuwiki\inc\ActionRouter.php(60): dokuwiki\ActionRouter->__construct()
  #3 C:\xampp\htdocs\dokuwiki\inc\actions.php(16): dokuwiki\ActionRouter::getInstance(true)
  #4 C:\xampp\htdocs\dokuwiki\doku.php(122): act_dispatch()
  #5 {main}
2022-01-23 07:43:12	C:\xampp\htdocs\dokuwiki\inc\Action\Save.php(81)	Error: Call to a member function index() on null
  #0 C:\xampp\htdocs\dokuwiki\inc\ActionRouter.php(83): dokuwiki\Action\Save->preProcess()
  #1 C:\xampp\htdocs\dokuwiki\inc\ActionRouter.php(48): dokuwiki\ActionRouter->setupAction('save')
  #2 C:\xampp\htdocs\dokuwiki\inc\ActionRouter.php(60): dokuwiki\ActionRouter->__construct()
  #3 C:\xampp\htdocs\dokuwiki\inc\actions.php(16): dokuwiki\ActionRouter::getInstance(true)
  #4 C:\xampp\htdocs\dokuwiki\doku.php(122): act_dispatch()
  #5 {main}
2022-01-23 07:45:57	C:\xampp\htdocs\dokuwiki\inc\Action\Save.php(81)	Error: Call to a member function index() on null
  #0 C:\xampp\htdocs\dokuwiki\inc\ActionRouter.php(83): dokuwiki\Action\Save->preProcess()
  #1 C:\xampp\htdocs\dokuwiki\inc\ActionRouter.php(48): dokuwiki\ActionRouter->setupAction('save')
  #2 C:\xampp\htdocs\dokuwiki\inc\ActionRouter.php(60): dokuwiki\ActionRouter->__construct()
  #3 C:\xampp\htdocs\dokuwiki\inc\actions.php(16): dokuwiki\ActionRouter::getInstance(true)
  #4 C:\xampp\htdocs\dokuwiki\doku.php(122): act_dispatch()
  #5 {main}
2022-01-23 07:51:02	C:\xampp\htdocs\dokuwiki\vendor\elasticsearch\elasticsearch\src\Elasticsearch\Endpoints\Index.php(35)	Elasticsearch\Common\Exceptions\RuntimeException: index is required for index
  #0 C:\xampp\htdocs\dokuwiki\vendor\elasticsearch\elasticsearch\src\Elasticsearch\Client.php(1634): Elasticsearch\Endpoints\Index->getURI()
  #1 C:\xampp\htdocs\dokuwiki\vendor\elasticsearch\elasticsearch\src\Elasticsearch\Client.php(829): Elasticsearch\Client->performRequest(Object(Elasticsearch\Endpoints\Index))
  #2 C:\xampp\htdocs\dokuwiki\inc\Action\Save.php(91): Elasticsearch\Client->index(Array)
  #3 C:\xampp\htdocs\dokuwiki\inc\load.php(129): require('C:\\xampp\\htdocs...')
  #4 [internal function]: load_autoload('dokuwiki/Action...')
  #5 C:\xampp\htdocs\dokuwiki\inc\ActionRouter.php(184): class_exists('dokuwiki\\Action...')
  #6 C:\xampp\htdocs\dokuwiki\inc\ActionRouter.php(81): dokuwiki\ActionRouter->loadAction('save')
  #7 C:\xampp\htdocs\dokuwiki\inc\ActionRouter.php(48): dokuwiki\ActionRouter->setupAction('save')
  #8 C:\xampp\htdocs\dokuwiki\inc\ActionRouter.php(60): dokuwiki\ActionRouter->__construct()
  #9 C:\xampp\htdocs\dokuwiki\inc\actions.php(16): dokuwiki\ActionRouter::getInstance(true)
  #10 C:\xampp\htdocs\dokuwiki\doku.php(122): act_dispatch()
  #11 {main}
2022-01-23 07:51:55	C:\xampp\htdocs\dokuwiki\inc\Action\Save.php(26)	ParseError: syntax error, unexpected token ";", expecting "]"
  #0 [internal function]: load_autoload('dokuwiki/Action...')
  #1 C:\xampp\htdocs\dokuwiki\inc\ActionRouter.php(184): class_exists('dokuwiki\\Action...')
  #2 C:\xampp\htdocs\dokuwiki\inc\ActionRouter.php(81): dokuwiki\ActionRouter->loadAction('save')
  #3 C:\xampp\htdocs\dokuwiki\inc\ActionRouter.php(48): dokuwiki\ActionRouter->setupAction('save')
  #4 C:\xampp\htdocs\dokuwiki\inc\ActionRouter.php(60): dokuwiki\ActionRouter->__construct()
  #5 C:\xampp\htdocs\dokuwiki\inc\actions.php(16): dokuwiki\ActionRouter::getInstance(true)
  #6 C:\xampp\htdocs\dokuwiki\doku.php(122): act_dispatch()
  #7 {main}
2022-01-23 07:55:31	C:\xampp\htdocs\dokuwiki\vendor\elasticsearch\elasticsearch\src\Elasticsearch\Endpoints\Index.php(35)	Elasticsearch\Common\Exceptions\RuntimeException: index is required for index
  #0 C:\xampp\htdocs\dokuwiki\vendor\elasticsearch\elasticsearch\src\Elasticsearch\Client.php(1634): Elasticsearch\Endpoints\Index->getURI()
  #1 C:\xampp\htdocs\dokuwiki\vendor\elasticsearch\elasticsearch\src\Elasticsearch\Client.php(829): Elasticsearch\Client->performRequest(Object(Elasticsearch\Endpoints\Index))
  #2 C:\xampp\htdocs\dokuwiki\inc\Action\Save.php(91): Elasticsearch\Client->index(Array)
  #3 C:\xampp\htdocs\dokuwiki\inc\load.php(129): require('C:\\xampp\\htdocs...')
  #4 [internal function]: load_autoload('dokuwiki/Action...')
  #5 C:\xampp\htdocs\dokuwiki\inc\ActionRouter.php(184): class_exists('dokuwiki\\Action...')
  #6 C:\xampp\htdocs\dokuwiki\inc\ActionRouter.php(81): dokuwiki\ActionRouter->loadAction('save')
  #7 C:\xampp\htdocs\dokuwiki\inc\ActionRouter.php(48): dokuwiki\ActionRouter->setupAction('save')
  #8 C:\xampp\htdocs\dokuwiki\inc\ActionRouter.php(60): dokuwiki\ActionRouter->__construct()
  #9 C:\xampp\htdocs\dokuwiki\inc\actions.php(16): dokuwiki\ActionRouter::getInstance(true)
  #10 C:\xampp\htdocs\dokuwiki\doku.php(122): act_dispatch()
  #11 {main}
2022-01-23 07:57:32	C:\xampp\htdocs\dokuwiki\vendor\elasticsearch\elasticsearch\src\Elasticsearch\Endpoints\Index.php(35)	Elasticsearch\Common\Exceptions\RuntimeException: index is required for index
  #0 C:\xampp\htdocs\dokuwiki\vendor\elasticsearch\elasticsearch\src\Elasticsearch\Client.php(1634): Elasticsearch\Endpoints\Index->getURI()
  #1 C:\xampp\htdocs\dokuwiki\vendor\elasticsearch\elasticsearch\src\Elasticsearch\Client.php(829): Elasticsearch\Client->performRequest(Object(Elasticsearch\Endpoints\Index))
  #2 C:\xampp\htdocs\dokuwiki\inc\Action\Save.php(91): Elasticsearch\Client->index(Array)
  #3 C:\xampp\htdocs\dokuwiki\inc\load.php(129): require('C:\\xampp\\htdocs...')
  #4 [internal function]: load_autoload('dokuwiki/Action...')
  #5 C:\xampp\htdocs\dokuwiki\inc\ActionRouter.php(184): class_exists('dokuwiki\\Action...')
  #6 C:\xampp\htdocs\dokuwiki\inc\ActionRouter.php(81): dokuwiki\ActionRouter->loadAction('save')
  #7 C:\xampp\htdocs\dokuwiki\inc\ActionRouter.php(48): dokuwiki\ActionRouter->setupAction('save')
  #8 C:\xampp\htdocs\dokuwiki\inc\ActionRouter.php(60): dokuwiki\ActionRouter->__construct()
  #9 C:\xampp\htdocs\dokuwiki\inc\actions.php(16): dokuwiki\ActionRouter::getInstance(true)
  #10 C:\xampp\htdocs\dokuwiki\doku.php(122): act_dispatch()
  #11 {main}
2022-01-23 07:58:22	C:\xampp\htdocs\dokuwiki\vendor\elasticsearch\elasticsearch\src\Elasticsearch\Endpoints\Index.php(35)	Elasticsearch\Common\Exceptions\RuntimeException: index is required for index
  #0 C:\xampp\htdocs\dokuwiki\vendor\elasticsearch\elasticsearch\src\Elasticsearch\Client.php(1634): Elasticsearch\Endpoints\Index->getURI()
  #1 C:\xampp\htdocs\dokuwiki\vendor\elasticsearch\elasticsearch\src\Elasticsearch\Client.php(829): Elasticsearch\Client->performRequest(Object(Elasticsearch\Endpoints\Index))
  #2 C:\xampp\htdocs\dokuwiki\inc\Action\Save.php(91): Elasticsearch\Client->index(Array)
  #3 C:\xampp\htdocs\dokuwiki\inc\load.php(129): require('C:\\xampp\\htdocs...')
  #4 [internal function]: load_autoload('dokuwiki/Action...')
  #5 C:\xampp\htdocs\dokuwiki\inc\ActionRouter.php(184): class_exists('dokuwiki\\Action...')
  #6 C:\xampp\htdocs\dokuwiki\inc\ActionRouter.php(81): dokuwiki\ActionRouter->loadAction('save')
  #7 C:\xampp\htdocs\dokuwiki\inc\ActionRouter.php(48): dokuwiki\ActionRouter->setupAction('save')
  #8 C:\xampp\htdocs\dokuwiki\inc\ActionRouter.php(60): dokuwiki\ActionRouter->__construct()
  #9 C:\xampp\htdocs\dokuwiki\inc\actions.php(16): dokuwiki\ActionRouter::getInstance(true)
  #10 C:\xampp\htdocs\dokuwiki\doku.php(122): act_dispatch()
  #11 {main}
2022-01-23 08:22:31	C:\xampp\htdocs\dokuwiki\vendor\elasticsearch\elasticsearch\src\Elasticsearch\Endpoints\Index.php(35)	Elasticsearch\Common\Exceptions\RuntimeException: index is required for index
  #0 C:\xampp\htdocs\dokuwiki\vendor\elasticsearch\elasticsearch\src\Elasticsearch\Client.php(1634): Elasticsearch\Endpoints\Index->getURI()
  #1 C:\xampp\htdocs\dokuwiki\vendor\elasticsearch\elasticsearch\src\Elasticsearch\Client.php(829): Elasticsearch\Client->performRequest(Object(Elasticsearch\Endpoints\Index))
  #2 C:\xampp\htdocs\dokuwiki\inc\Action\Save.php(92): Elasticsearch\Client->index(Array)
  #3 C:\xampp\htdocs\dokuwiki\inc\load.php(129): require('C:\\xampp\\htdocs...')
  #4 [internal function]: load_autoload('dokuwiki/Action...')
  #5 C:\xampp\htdocs\dokuwiki\inc\ActionRouter.php(184): class_exists('dokuwiki\\Action...')
  #6 C:\xampp\htdocs\dokuwiki\inc\ActionRouter.php(81): dokuwiki\ActionRouter->loadAction('save')
  #7 C:\xampp\htdocs\dokuwiki\inc\ActionRouter.php(48): dokuwiki\ActionRouter->setupAction('save')
  #8 C:\xampp\htdocs\dokuwiki\inc\ActionRouter.php(60): dokuwiki\ActionRouter->__construct()
  #9 C:\xampp\htdocs\dokuwiki\inc\actions.php(16): dokuwiki\ActionRouter::getInstance(true)
  #10 C:\xampp\htdocs\dokuwiki\doku.php(122): act_dispatch()
  #11 {main}
2022-01-23 08:23:20	C:\xampp\htdocs\dokuwiki\vendor\elasticsearch\elasticsearch\src\Elasticsearch\Endpoints\Index.php(35)	Elasticsearch\Common\Exceptions\RuntimeException: index is required for index
  #0 C:\xampp\htdocs\dokuwiki\vendor\elasticsearch\elasticsearch\src\Elasticsearch\Client.php(1634): Elasticsearch\Endpoints\Index->getURI()
  #1 C:\xampp\htdocs\dokuwiki\vendor\elasticsearch\elasticsearch\src\Elasticsearch\Client.php(829): Elasticsearch\Client->performRequest(Object(Elasticsearch\Endpoints\Index))
  #2 C:\xampp\htdocs\dokuwiki\inc\Action\Save.php(92): Elasticsearch\Client->index(Array)
  #3 C:\xampp\htdocs\dokuwiki\inc\load.php(129): require('C:\\xampp\\htdocs...')
  #4 [internal function]: load_autoload('dokuwiki/Action...')
  #5 C:\xampp\htdocs\dokuwiki\inc\ActionRouter.php(184): class_exists('dokuwiki\\Action...')
  #6 C:\xampp\htdocs\dokuwiki\inc\ActionRouter.php(81): dokuwiki\ActionRouter->loadAction('save')
  #7 C:\xampp\htdocs\dokuwiki\inc\ActionRouter.php(48): dokuwiki\ActionRouter->setupAction('save')
  #8 C:\xampp\htdocs\dokuwiki\inc\ActionRouter.php(60): dokuwiki\ActionRouter->__construct()
  #9 C:\xampp\htdocs\dokuwiki\inc\actions.php(16): dokuwiki\ActionRouter::getInstance(true)
  #10 C:\xampp\htdocs\dokuwiki\doku.php(122): act_dispatch()
  #11 {main}
2022-01-23 08:23:30	C:\xampp\htdocs\dokuwiki\vendor\elasticsearch\elasticsearch\src\Elasticsearch\Endpoints\Index.php(35)	Elasticsearch\Common\Exceptions\RuntimeException: index is required for index
  #0 C:\xampp\htdocs\dokuwiki\vendor\elasticsearch\elasticsearch\src\Elasticsearch\Client.php(1634): Elasticsearch\Endpoints\Index->getURI()
  #1 C:\xampp\htdocs\dokuwiki\vendor\elasticsearch\elasticsearch\src\Elasticsearch\Client.php(829): Elasticsearch\Client->performRequest(Object(Elasticsearch\Endpoints\Index))
  #2 C:\xampp\htdocs\dokuwiki\inc\Action\Save.php(92): Elasticsearch\Client->index(Array)
  #3 C:\xampp\htdocs\dokuwiki\inc\load.php(129): require('C:\\xampp\\htdocs...')
  #4 [internal function]: load_autoload('dokuwiki/Action...')
  #5 C:\xampp\htdocs\dokuwiki\inc\ActionRouter.php(184): class_exists('dokuwiki\\Action...')
  #6 C:\xampp\htdocs\dokuwiki\inc\ActionRouter.php(81): dokuwiki\ActionRouter->loadAction('save')
  #7 C:\xampp\htdocs\dokuwiki\inc\ActionRouter.php(48): dokuwiki\ActionRouter->setupAction('save')
  #8 C:\xampp\htdocs\dokuwiki\inc\ActionRouter.php(60): dokuwiki\ActionRouter->__construct()
  #9 C:\xampp\htdocs\dokuwiki\inc\actions.php(16): dokuwiki\ActionRouter::getInstance(true)
  #10 C:\xampp\htdocs\dokuwiki\doku.php(122): act_dispatch()
  #11 {main}
2022-01-23 08:24:16	C:\xampp\htdocs\dokuwiki\vendor\elasticsearch\elasticsearch\src\Elasticsearch\Endpoints\Index.php(35)	Elasticsearch\Common\Exceptions\RuntimeException: index is required for index
  #0 C:\xampp\htdocs\dokuwiki\vendor\elasticsearch\elasticsearch\src\Elasticsearch\Client.php(1634): Elasticsearch\Endpoints\Index->getURI()
  #1 C:\xampp\htdocs\dokuwiki\vendor\elasticsearch\elasticsearch\src\Elasticsearch\Client.php(829): Elasticsearch\Client->performRequest(Object(Elasticsearch\Endpoints\Index))
  #2 C:\xampp\htdocs\dokuwiki\inc\Action\Save.php(92): Elasticsearch\Client->index(Array)
  #3 C:\xampp\htdocs\dokuwiki\inc\load.php(129): require('C:\\xampp\\htdocs...')
  #4 [internal function]: load_autoload('dokuwiki/Action...')
  #5 C:\xampp\htdocs\dokuwiki\inc\ActionRouter.php(184): class_exists('dokuwiki\\Action...')
  #6 C:\xampp\htdocs\dokuwiki\inc\ActionRouter.php(81): dokuwiki\ActionRouter->loadAction('save')
  #7 C:\xampp\htdocs\dokuwiki\inc\ActionRouter.php(48): dokuwiki\ActionRouter->setupAction('save')
  #8 C:\xampp\htdocs\dokuwiki\inc\ActionRouter.php(60): dokuwiki\ActionRouter->__construct()
  #9 C:\xampp\htdocs\dokuwiki\inc\actions.php(16): dokuwiki\ActionRouter::getInstance(true)
  #10 C:\xampp\htdocs\dokuwiki\doku.php(122): act_dispatch()
  #11 {main}
2022-01-23 08:25:18	C:\xampp\htdocs\dokuwiki\vendor\elasticsearch\elasticsearch\src\Elasticsearch\Endpoints\Index.php(35)	Elasticsearch\Common\Exceptions\RuntimeException: index is required for index
  #0 C:\xampp\htdocs\dokuwiki\vendor\elasticsearch\elasticsearch\src\Elasticsearch\Client.php(1634): Elasticsearch\Endpoints\Index->getURI()
  #1 C:\xampp\htdocs\dokuwiki\vendor\elasticsearch\elasticsearch\src\Elasticsearch\Client.php(829): Elasticsearch\Client->performRequest(Object(Elasticsearch\Endpoints\Index))
  #2 C:\xampp\htdocs\dokuwiki\inc\Action\Save.php(92): Elasticsearch\Client->index(Array)
  #3 C:\xampp\htdocs\dokuwiki\inc\load.php(129): require('C:\\xampp\\htdocs...')
  #4 [internal function]: load_autoload('dokuwiki/Action...')
  #5 C:\xampp\htdocs\dokuwiki\inc\ActionRouter.php(184): class_exists('dokuwiki\\Action...')
  #6 C:\xampp\htdocs\dokuwiki\inc\ActionRouter.php(81): dokuwiki\ActionRouter->loadAction('save')
  #7 C:\xampp\htdocs\dokuwiki\inc\ActionRouter.php(48): dokuwiki\ActionRouter->setupAction('save')
  #8 C:\xampp\htdocs\dokuwiki\inc\ActionRouter.php(60): dokuwiki\ActionRouter->__construct()
  #9 C:\xampp\htdocs\dokuwiki\inc\actions.php(16): dokuwiki\ActionRouter::getInstance(true)
  #10 C:\xampp\htdocs\dokuwiki\doku.php(122): act_dispatch()
  #11 {main}
2022-01-23 08:25:20	C:\xampp\htdocs\dokuwiki\vendor\elasticsearch\elasticsearch\src\Elasticsearch\Endpoints\Index.php(35)	Elasticsearch\Common\Exceptions\RuntimeException: index is required for index
  #0 C:\xampp\htdocs\dokuwiki\vendor\elasticsearch\elasticsearch\src\Elasticsearch\Client.php(1634): Elasticsearch\Endpoints\Index->getURI()
  #1 C:\xampp\htdocs\dokuwiki\vendor\elasticsearch\elasticsearch\src\Elasticsearch\Client.php(829): Elasticsearch\Client->performRequest(Object(Elasticsearch\Endpoints\Index))
  #2 C:\xampp\htdocs\dokuwiki\inc\Action\Save.php(92): Elasticsearch\Client->index(Array)
  #3 C:\xampp\htdocs\dokuwiki\inc\load.php(129): require('C:\\xampp\\htdocs...')
  #4 [internal function]: load_autoload('dokuwiki/Action...')
  #5 C:\xampp\htdocs\dokuwiki\inc\ActionRouter.php(184): class_exists('dokuwiki\\Action...')
  #6 C:\xampp\htdocs\dokuwiki\inc\ActionRouter.php(81): dokuwiki\ActionRouter->loadAction('save')
  #7 C:\xampp\htdocs\dokuwiki\inc\ActionRouter.php(48): dokuwiki\ActionRouter->setupAction('save')
  #8 C:\xampp\htdocs\dokuwiki\inc\ActionRouter.php(60): dokuwiki\ActionRouter->__construct()
  #9 C:\xampp\htdocs\dokuwiki\inc\actions.php(16): dokuwiki\ActionRouter::getInstance(true)
  #10 C:\xampp\htdocs\dokuwiki\doku.php(122): act_dispatch()
  #11 {main}
2022-01-23 08:26:12	C:\xampp\htdocs\dokuwiki\vendor\elasticsearch\elasticsearch\src\Elasticsearch\Endpoints\Index.php(35)	Elasticsearch\Common\Exceptions\RuntimeException: index is required for index
  #0 C:\xampp\htdocs\dokuwiki\vendor\elasticsearch\elasticsearch\src\Elasticsearch\Client.php(1634): Elasticsearch\Endpoints\Index->getURI()
  #1 C:\xampp\htdocs\dokuwiki\vendor\elasticsearch\elasticsearch\src\Elasticsearch\Client.php(829): Elasticsearch\Client->performRequest(Object(Elasticsearch\Endpoints\Index))
  #2 C:\xampp\htdocs\dokuwiki\inc\Action\Save.php(90): Elasticsearch\Client->index(Array)
  #3 C:\xampp\htdocs\dokuwiki\inc\load.php(129): require('C:\\xampp\\htdocs...')
  #4 [internal function]: load_autoload('dokuwiki/Action...')
  #5 C:\xampp\htdocs\dokuwiki\inc\ActionRouter.php(184): class_exists('dokuwiki\\Action...')
  #6 C:\xampp\htdocs\dokuwiki\inc\ActionRouter.php(81): dokuwiki\ActionRouter->loadAction('save')
  #7 C:\xampp\htdocs\dokuwiki\inc\ActionRouter.php(48): dokuwiki\ActionRouter->setupAction('save')
  #8 C:\xampp\htdocs\dokuwiki\inc\ActionRouter.php(60): dokuwiki\ActionRouter->__construct()
  #9 C:\xampp\htdocs\dokuwiki\inc\actions.php(16): dokuwiki\ActionRouter::getInstance(true)
  #10 C:\xampp\htdocs\dokuwiki\doku.php(122): act_dispatch()
  #11 {main}
2022-01-23 08:27:28	C:\xampp\htdocs\dokuwiki\vendor\elasticsearch\elasticsearch\src\Elasticsearch\Endpoints\Index.php(35)	Elasticsearch\Common\Exceptions\RuntimeException: index is required for index
  #0 C:\xampp\htdocs\dokuwiki\vendor\elasticsearch\elasticsearch\src\Elasticsearch\Client.php(1634): Elasticsearch\Endpoints\Index->getURI()
  #1 C:\xampp\htdocs\dokuwiki\vendor\elasticsearch\elasticsearch\src\Elasticsearch\Client.php(829): Elasticsearch\Client->performRequest(Object(Elasticsearch\Endpoints\Index))
  #2 C:\xampp\htdocs\dokuwiki\inc\Action\Save.php(90): Elasticsearch\Client->index(Array)
  #3 C:\xampp\htdocs\dokuwiki\inc\load.php(129): require('C:\\xampp\\htdocs...')
  #4 [internal function]: load_autoload('dokuwiki/Action...')
  #5 C:\xampp\htdocs\dokuwiki\inc\ActionRouter.php(184): class_exists('dokuwiki\\Action...')
  #6 C:\xampp\htdocs\dokuwiki\inc\ActionRouter.php(81): dokuwiki\ActionRouter->loadAction('save')
  #7 C:\xampp\htdocs\dokuwiki\inc\ActionRouter.php(48): dokuwiki\ActionRouter->setupAction('save')
  #8 C:\xampp\htdocs\dokuwiki\inc\ActionRouter.php(60): dokuwiki\ActionRouter->__construct()
  #9 C:\xampp\htdocs\dokuwiki\inc\actions.php(16): dokuwiki\ActionRouter::getInstance(true)
  #10 C:\xampp\htdocs\dokuwiki\doku.php(122): act_dispatch()
  #11 {main}
2022-01-23 08:31:21	C:\xampp\htdocs\dokuwiki\vendor\elasticsearch\elasticsearch\src\Elasticsearch\Endpoints\Index.php(35)	Elasticsearch\Common\Exceptions\RuntimeException: index is required for index
  #0 C:\xampp\htdocs\dokuwiki\vendor\elasticsearch\elasticsearch\src\Elasticsearch\Client.php(1634): Elasticsearch\Endpoints\Index->getURI()
  #1 C:\xampp\htdocs\dokuwiki\vendor\elasticsearch\elasticsearch\src\Elasticsearch\Client.php(829): Elasticsearch\Client->performRequest(Object(Elasticsearch\Endpoints\Index))
  #2 C:\xampp\htdocs\dokuwiki\inc\Action\Save.php(90): Elasticsearch\Client->index(Array)
  #3 C:\xampp\htdocs\dokuwiki\inc\load.php(129): require('C:\\xampp\\htdocs...')
  #4 [internal function]: load_autoload('dokuwiki/Action...')
  #5 C:\xampp\htdocs\dokuwiki\inc\ActionRouter.php(184): class_exists('dokuwiki\\Action...')
  #6 C:\xampp\htdocs\dokuwiki\inc\ActionRouter.php(81): dokuwiki\ActionRouter->loadAction('save')
  #7 C:\xampp\htdocs\dokuwiki\inc\ActionRouter.php(48): dokuwiki\ActionRouter->setupAction('save')
  #8 C:\xampp\htdocs\dokuwiki\inc\ActionRouter.php(60): dokuwiki\ActionRouter->__construct()
  #9 C:\xampp\htdocs\dokuwiki\inc\actions.php(16): dokuwiki\ActionRouter::getInstance(true)
  #10 C:\xampp\htdocs\dokuwiki\doku.php(122): act_dispatch()
  #11 {main}
2022-01-23 08:35:40	C:\xampp\htdocs\dokuwiki\vendor\elasticsearch\elasticsearch\src\Elasticsearch\Endpoints\Index.php(35)	Elasticsearch\Common\Exceptions\RuntimeException: index is required for index
  #0 C:\xampp\htdocs\dokuwiki\vendor\elasticsearch\elasticsearch\src\Elasticsearch\Client.php(1634): Elasticsearch\Endpoints\Index->getURI()
  #1 C:\xampp\htdocs\dokuwiki\vendor\elasticsearch\elasticsearch\src\Elasticsearch\Client.php(829): Elasticsearch\Client->performRequest(Object(Elasticsearch\Endpoints\Index))
  #2 C:\xampp\htdocs\dokuwiki\inc\Action\Save.php(90): Elasticsearch\Client->index(Array)
  #3 C:\xampp\htdocs\dokuwiki\inc\load.php(129): require('C:\\xampp\\htdocs...')
  #4 [internal function]: load_autoload('dokuwiki/Action...')
  #5 C:\xampp\htdocs\dokuwiki\inc\ActionRouter.php(184): class_exists('dokuwiki\\Action...')
  #6 C:\xampp\htdocs\dokuwiki\inc\ActionRouter.php(81): dokuwiki\ActionRouter->loadAction('save')
  #7 C:\xampp\htdocs\dokuwiki\inc\ActionRouter.php(48): dokuwiki\ActionRouter->setupAction('save')
  #8 C:\xampp\htdocs\dokuwiki\inc\ActionRouter.php(60): dokuwiki\ActionRouter->__construct()
  #9 C:\xampp\htdocs\dokuwiki\inc\actions.php(16): dokuwiki\ActionRouter::getInstance(true)
  #10 C:\xampp\htdocs\dokuwiki\doku.php(122): act_dispatch()
  #11 {main}
2022-01-23 08:42:33	C:\xampp\htdocs\dokuwiki\vendor\elasticsearch\elasticsearch\src\Elasticsearch\Endpoints\Index.php(35)	Elasticsearch\Common\Exceptions\RuntimeException: index is required for index
  #0 C:\xampp\htdocs\dokuwiki\vendor\elasticsearch\elasticsearch\src\Elasticsearch\Client.php(1634): Elasticsearch\Endpoints\Index->getURI()
  #1 C:\xampp\htdocs\dokuwiki\vendor\elasticsearch\elasticsearch\src\Elasticsearch\Client.php(829): Elasticsearch\Client->performRequest(Object(Elasticsearch\Endpoints\Index))
  #2 C:\xampp\htdocs\dokuwiki\inc\Action\Save.php(82): Elasticsearch\Client->index(Array)
  #3 C:\xampp\htdocs\dokuwiki\inc\load.php(129): require('C:\\xampp\\htdocs...')
  #4 [internal function]: load_autoload('dokuwiki/Action...')
  #5 C:\xampp\htdocs\dokuwiki\inc\ActionRouter.php(184): class_exists('dokuwiki\\Action...')
  #6 C:\xampp\htdocs\dokuwiki\inc\ActionRouter.php(81): dokuwiki\ActionRouter->loadAction('save')
  #7 C:\xampp\htdocs\dokuwiki\inc\ActionRouter.php(48): dokuwiki\ActionRouter->setupAction('save')
  #8 C:\xampp\htdocs\dokuwiki\inc\ActionRouter.php(60): dokuwiki\ActionRouter->__construct()
  #9 C:\xampp\htdocs\dokuwiki\inc\actions.php(16): dokuwiki\ActionRouter::getInstance(true)
  #10 C:\xampp\htdocs\dokuwiki\doku.php(122): act_dispatch()
  #11 {main}
2022-01-23 08:45:44	C:\xampp\htdocs\dokuwiki\vendor\elasticsearch\elasticsearch\src\Elasticsearch\Endpoints\Index.php(35)	Elasticsearch\Common\Exceptions\RuntimeException: index is required for index
  #0 C:\xampp\htdocs\dokuwiki\vendor\elasticsearch\elasticsearch\src\Elasticsearch\Client.php(1634): Elasticsearch\Endpoints\Index->getURI()
  #1 C:\xampp\htdocs\dokuwiki\vendor\elasticsearch\elasticsearch\src\Elasticsearch\Client.php(829): Elasticsearch\Client->performRequest(Object(Elasticsearch\Endpoints\Index))
  #2 C:\xampp\htdocs\dokuwiki\inc\Action\Save.php(83): Elasticsearch\Client->index(Array)
  #3 C:\xampp\htdocs\dokuwiki\inc\load.php(129): require('C:\\xampp\\htdocs...')
  #4 [internal function]: load_autoload('dokuwiki/Action...')
  #5 C:\xampp\htdocs\dokuwiki\inc\ActionRouter.php(184): class_exists('dokuwiki\\Action...')
  #6 C:\xampp\htdocs\dokuwiki\inc\ActionRouter.php(81): dokuwiki\ActionRouter->loadAction('save')
  #7 C:\xampp\htdocs\dokuwiki\inc\ActionRouter.php(48): dokuwiki\ActionRouter->setupAction('save')
  #8 C:\xampp\htdocs\dokuwiki\inc\ActionRouter.php(60): dokuwiki\ActionRouter->__construct()
  #9 C:\xampp\htdocs\dokuwiki\inc\actions.php(16): dokuwiki\ActionRouter::getInstance(true)
  #10 C:\xampp\htdocs\dokuwiki\doku.php(122): act_dispatch()
  #11 {main}
2022-01-23 09:47:22	C:\xampp\htdocs\dokuwiki\vendor\elasticsearch\elasticsearch\src\Elasticsearch\ConnectionPool\StaticNoPingConnectionPool.php(64)	Elasticsearch\Common\Exceptions\NoNodesAvailableException: No alive nodes found in your cluster
  #0 C:\xampp\htdocs\dokuwiki\vendor\elasticsearch\elasticsearch\src\Elasticsearch\Transport.php(82): Elasticsearch\ConnectionPool\StaticNoPingConnectionPool->nextConnection()
  #1 C:\xampp\htdocs\dokuwiki\vendor\elasticsearch\elasticsearch\src\Elasticsearch\Transport.php(99): Elasticsearch\Transport->getConnection()
  #2 C:\xampp\htdocs\dokuwiki\vendor\elasticsearch\elasticsearch\src\Elasticsearch\Connections\Connection.php(297): Elasticsearch\Transport->performRequest('POST', '/dokuwiki/_doc/...', Array, '{"content":"Jin...', Array)
  #3 C:\xampp\htdocs\dokuwiki\vendor\react\promise\src\FulfilledPromise.php(28): Elasticsearch\Connections\Connection->Elasticsearch\Connections\{closure}(Array)
  #4 C:\xampp\htdocs\dokuwiki\vendor\ezimuel\ringphp\src\Future\CompletedFutureValue.php(55): React\Promise\FulfilledPromise->then(Object(Closure), NULL, NULL)
  #5 C:\xampp\htdocs\dokuwiki\vendor\ezimuel\ringphp\src\Core.php(341): GuzzleHttp\Ring\Future\CompletedFutureValue->then(Object(Closure), NULL, NULL)
  #6 C:\xampp\htdocs\dokuwiki\vendor\elasticsearch\elasticsearch\src\Elasticsearch\Connections\Connection.php(345): GuzzleHttp\Ring\Core::proxy(Object(GuzzleHttp\Ring\Future\CompletedFutureArray), Object(Closure))
  #7 C:\xampp\htdocs\dokuwiki\vendor\elasticsearch\elasticsearch\src\Elasticsearch\Connections\Connection.php(241): Elasticsearch\Connections\Connection->Elasticsearch\Connections\{closure}(Array, Object(Elasticsearch\Connections\Connection), Object(Elasticsearch\Transport), Array)
  #8 C:\xampp\htdocs\dokuwiki\vendor\elasticsearch\elasticsearch\src\Elasticsearch\Transport.php(110): Elasticsearch\Connections\Connection->performRequest('POST', '/dokuwiki/_doc/...', Array, '{"content":"Jin...', Array, Object(Elasticsearch\Transport))
  #9 C:\xampp\htdocs\dokuwiki\vendor\elasticsearch\elasticsearch\src\Elasticsearch\Client.php(1637): Elasticsearch\Transport->performRequest('POST', '/dokuwiki/_doc/...', Array, Array, Array)
  #10 C:\xampp\htdocs\dokuwiki\vendor\elasticsearch\elasticsearch\src\Elasticsearch\Client.php(829): Elasticsearch\Client->performRequest(Object(Elasticsearch\Endpoints\Index))
  #11 C:\xampp\htdocs\dokuwiki\inc\Action\Save.php(88): Elasticsearch\Client->index(Array)
  #12 C:\xampp\htdocs\dokuwiki\inc\load.php(129): require('C:\\xampp\\htdocs...')
  #13 [internal function]: load_autoload('dokuwiki/Action...')
  #14 C:\xampp\htdocs\dokuwiki\inc\ActionRouter.php(184): class_exists('dokuwiki\\Action...')
  #15 C:\xampp\htdocs\dokuwiki\inc\ActionRouter.php(81): dokuwiki\ActionRouter->loadAction('save')
  #16 C:\xampp\htdocs\dokuwiki\inc\ActionRouter.php(48): dokuwiki\ActionRouter->setupAction('save')
  #17 C:\xampp\htdocs\dokuwiki\inc\ActionRouter.php(60): dokuwiki\ActionRouter->__construct()
  #18 C:\xampp\htdocs\dokuwiki\inc\actions.php(16): dokuwiki\ActionRouter::getInstance(true)
  #19 C:\xampp\htdocs\dokuwiki\doku.php(122): act_dispatch()
  #20 {main}
2022-01-23 09:48:04	C:\xampp\htdocs\dokuwiki\vendor\elasticsearch\elasticsearch\src\Elasticsearch\ConnectionPool\StaticNoPingConnectionPool.php(64)	Elasticsearch\Common\Exceptions\NoNodesAvailableException: No alive nodes found in your cluster
  #0 C:\xampp\htdocs\dokuwiki\vendor\elasticsearch\elasticsearch\src\Elasticsearch\Transport.php(82): Elasticsearch\ConnectionPool\StaticNoPingConnectionPool->nextConnection()
  #1 C:\xampp\htdocs\dokuwiki\vendor\elasticsearch\elasticsearch\src\Elasticsearch\Transport.php(99): Elasticsearch\Transport->getConnection()
  #2 C:\xampp\htdocs\dokuwiki\vendor\elasticsearch\elasticsearch\src\Elasticsearch\Connections\Connection.php(297): Elasticsearch\Transport->performRequest('POST', '/dokuwiki/_doc/...', Array, '{"content":"VI"...', Array)
  #3 C:\xampp\htdocs\dokuwiki\vendor\react\promise\src\FulfilledPromise.php(28): Elasticsearch\Connections\Connection->Elasticsearch\Connections\{closure}(Array)
  #4 C:\xampp\htdocs\dokuwiki\vendor\ezimuel\ringphp\src\Future\CompletedFutureValue.php(55): React\Promise\FulfilledPromise->then(Object(Closure), NULL, NULL)
  #5 C:\xampp\htdocs\dokuwiki\vendor\ezimuel\ringphp\src\Core.php(341): GuzzleHttp\Ring\Future\CompletedFutureValue->then(Object(Closure), NULL, NULL)
  #6 C:\xampp\htdocs\dokuwiki\vendor\elasticsearch\elasticsearch\src\Elasticsearch\Connections\Connection.php(345): GuzzleHttp\Ring\Core::proxy(Object(GuzzleHttp\Ring\Future\CompletedFutureArray), Object(Closure))
  #7 C:\xampp\htdocs\dokuwiki\vendor\elasticsearch\elasticsearch\src\Elasticsearch\Connections\Connection.php(241): Elasticsearch\Connections\Connection->Elasticsearch\Connections\{closure}(Array, Object(Elasticsearch\Connections\Connection), Object(Elasticsearch\Transport), Array)
  #8 C:\xampp\htdocs\dokuwiki\vendor\elasticsearch\elasticsearch\src\Elasticsearch\Transport.php(110): Elasticsearch\Connections\Connection->performRequest('POST', '/dokuwiki/_doc/...', Array, '{"content":"VI"...', Array, Object(Elasticsearch\Transport))
  #9 C:\xampp\htdocs\dokuwiki\vendor\elasticsearch\elasticsearch\src\Elasticsearch\Client.php(1637): Elasticsearch\Transport->performRequest('POST', '/dokuwiki/_doc/...', Array, Array, Array)
  #10 C:\xampp\htdocs\dokuwiki\vendor\elasticsearch\elasticsearch\src\Elasticsearch\Client.php(829): Elasticsearch\Client->performRequest(Object(Elasticsearch\Endpoints\Index))
  #11 C:\xampp\htdocs\dokuwiki\inc\Action\Save.php(88): Elasticsearch\Client->index(Array)
  #12 C:\xampp\htdocs\dokuwiki\inc\load.php(129): require('C:\\xampp\\htdocs...')
  #13 [internal function]: load_autoload('dokuwiki/Action...')
  #14 C:\xampp\htdocs\dokuwiki\inc\ActionRouter.php(184): class_exists('dokuwiki\\Action...')
  #15 C:\xampp\htdocs\dokuwiki\inc\ActionRouter.php(81): dokuwiki\ActionRouter->loadAction('save')
  #16 C:\xampp\htdocs\dokuwiki\inc\ActionRouter.php(48): dokuwiki\ActionRouter->setupAction('save')
  #17 C:\xampp\htdocs\dokuwiki\inc\ActionRouter.php(60): dokuwiki\ActionRouter->__construct()
  #18 C:\xampp\htdocs\dokuwiki\inc\actions.php(16): dokuwiki\ActionRouter::getInstance(true)
  #19 C:\xampp\htdocs\dokuwiki\doku.php(122): act_dispatch()
  #20 {main}
2022-01-23 09:50:44	C:\xampp\htdocs\dokuwiki\inc\Action\Save.php(37)	dokuwiki\Exception\FatalException: Class dokuwiki\Action\Save contains 1 abstract method and must therefore be declared abstract or implement the remaining methods (dokuwiki\Action\AbstractAction::minimumPermission)
  #0 [internal function]: dokuwiki\ErrorHandler::fatalShutdown()
  #1 {main}
2022-01-23 10:00:41	C:\xampp\htdocs\dokuwiki\vendor\elasticsearch\elasticsearch\src\Elasticsearch\Endpoints\Index.php(35)	Elasticsearch\Common\Exceptions\RuntimeException: index is required for index
  #0 C:\xampp\htdocs\dokuwiki\vendor\elasticsearch\elasticsearch\src\Elasticsearch\Client.php(1634): Elasticsearch\Endpoints\Index->getURI()
  #1 C:\xampp\htdocs\dokuwiki\vendor\elasticsearch\elasticsearch\src\Elasticsearch\Client.php(829): Elasticsearch\Client->performRequest(Object(Elasticsearch\Endpoints\Index))
  #2 C:\xampp\htdocs\dokuwiki\inc\Action\Save.php(91): Elasticsearch\Client->index(Array)
  #3 C:\xampp\htdocs\dokuwiki\inc\load.php(129): require('C:\\xampp\\htdocs...')
  #4 [internal function]: load_autoload('dokuwiki/Action...')
  #5 C:\xampp\htdocs\dokuwiki\inc\ActionRouter.php(184): class_exists('dokuwiki\\Action...')
  #6 C:\xampp\htdocs\dokuwiki\inc\ActionRouter.php(81): dokuwiki\ActionRouter->loadAction('save')
  #7 C:\xampp\htdocs\dokuwiki\inc\ActionRouter.php(48): dokuwiki\ActionRouter->setupAction('save')
  #8 C:\xampp\htdocs\dokuwiki\inc\ActionRouter.php(60): dokuwiki\ActionRouter->__construct()
  #9 C:\xampp\htdocs\dokuwiki\inc\actions.php(16): dokuwiki\ActionRouter::getInstance(true)
  #10 C:\xampp\htdocs\dokuwiki\doku.php(122): act_dispatch()
  #11 {main}
2022-01-23 10:01:15	C:\xampp\htdocs\dokuwiki\vendor\elasticsearch\elasticsearch\src\Elasticsearch\Endpoints\Index.php(35)	Elasticsearch\Common\Exceptions\RuntimeException: index is required for index
  #0 C:\xampp\htdocs\dokuwiki\vendor\elasticsearch\elasticsearch\src\Elasticsearch\Client.php(1634): Elasticsearch\Endpoints\Index->getURI()
  #1 C:\xampp\htdocs\dokuwiki\vendor\elasticsearch\elasticsearch\src\Elasticsearch\Client.php(829): Elasticsearch\Client->performRequest(Object(Elasticsearch\Endpoints\Index))
  #2 C:\xampp\htdocs\dokuwiki\inc\Action\Save.php(94): Elasticsearch\Client->index(Array)
  #3 C:\xampp\htdocs\dokuwiki\inc\load.php(129): require('C:\\xampp\\htdocs...')
  #4 [internal function]: load_autoload('dokuwiki/Action...')
  #5 C:\xampp\htdocs\dokuwiki\inc\ActionRouter.php(184): class_exists('dokuwiki\\Action...')
  #6 C:\xampp\htdocs\dokuwiki\inc\ActionRouter.php(81): dokuwiki\ActionRouter->loadAction('save')
  #7 C:\xampp\htdocs\dokuwiki\inc\ActionRouter.php(48): dokuwiki\ActionRouter->setupAction('save')
  #8 C:\xampp\htdocs\dokuwiki\inc\ActionRouter.php(60): dokuwiki\ActionRouter->__construct()
  #9 C:\xampp\htdocs\dokuwiki\inc\actions.php(16): dokuwiki\ActionRouter::getInstance(true)
  #10 C:\xampp\htdocs\dokuwiki\doku.php(122): act_dispatch()
  #11 {main}
2022-01-23 10:08:48	C:\xampp\htdocs\dokuwiki\vendor\elasticsearch\elasticsearch\src\Elasticsearch\Endpoints\Index.php(35)	Elasticsearch\Common\Exceptions\RuntimeException: index is required for index
  #0 C:\xampp\htdocs\dokuwiki\vendor\elasticsearch\elasticsearch\src\Elasticsearch\Client.php(1634): Elasticsearch\Endpoints\Index->getURI()
  #1 C:\xampp\htdocs\dokuwiki\vendor\elasticsearch\elasticsearch\src\Elasticsearch\Client.php(829): Elasticsearch\Client->performRequest(Object(Elasticsearch\Endpoints\Index))
  #2 C:\xampp\htdocs\dokuwiki\inc\Action\Save.php(90): Elasticsearch\Client->index(Array)
  #3 C:\xampp\htdocs\dokuwiki\inc\load.php(129): require('C:\\xampp\\htdocs...')
  #4 [internal function]: load_autoload('dokuwiki/Action...')
  #5 C:\xampp\htdocs\dokuwiki\inc\ActionRouter.php(184): class_exists('dokuwiki\\Action...')
  #6 C:\xampp\htdocs\dokuwiki\inc\ActionRouter.php(81): dokuwiki\ActionRouter->loadAction('save')
  #7 C:\xampp\htdocs\dokuwiki\inc\ActionRouter.php(48): dokuwiki\ActionRouter->setupAction('save')
  #8 C:\xampp\htdocs\dokuwiki\inc\ActionRouter.php(60): dokuwiki\ActionRouter->__construct()
  #9 C:\xampp\htdocs\dokuwiki\inc\actions.php(16): dokuwiki\ActionRouter::getInstance(true)
  #10 C:\xampp\htdocs\dokuwiki\doku.php(122): act_dispatch()
  #11 {main}
2022-01-23 11:17:27	C:\xampp\htdocs\dokuwiki\inc\Action\AbstractAction.php(102)	dokuwiki\Exception\FatalException: Constant expression contains invalid operations
  #0 [internal function]: dokuwiki\ErrorHandler::fatalShutdown()
  #1 {main}
2022-01-23 11:17:37	C:\xampp\htdocs\dokuwiki\inc\Action\AbstractAction.php(102)	dokuwiki\Exception\FatalException: Constant expression contains invalid operations
  #0 [internal function]: dokuwiki\ErrorHandler::fatalShutdown()
  #1 {main}
2022-01-23 11:17:45	C:\xampp\htdocs\dokuwiki\inc\Action\AbstractAction.php(102)	dokuwiki\Exception\FatalException: Constant expression contains invalid operations
  #0 [internal function]: dokuwiki\ErrorHandler::fatalShutdown()
  #1 {main}
2022-01-23 11:17:51	C:\xampp\htdocs\dokuwiki\inc\Action\AbstractAction.php(102)	dokuwiki\Exception\FatalException: Constant expression contains invalid operations
  #0 [internal function]: dokuwiki\ErrorHandler::fatalShutdown()
  #1 {main}
2022-01-23 11:18:56	C:\xampp\htdocs\dokuwiki\vendor\elasticsearch\elasticsearch\src\Elasticsearch\Client.php(814)	TypeError: Elasticsearch\Client::index(): Argument #1 ($params) must be of type array, null given, called in C:\xampp\htdocs\dokuwiki\inc\Action\Save.php on line 81
  #0 C:\xampp\htdocs\dokuwiki\inc\Action\Save.php(81): Elasticsearch\Client->index(NULL)
  #1 C:\xampp\htdocs\dokuwiki\inc\load.php(129): require('C:\\xampp\\htdocs...')
  #2 [internal function]: load_autoload('dokuwiki/Action...')
  #3 C:\xampp\htdocs\dokuwiki\inc\ActionRouter.php(184): class_exists('dokuwiki\\Action...')
  #4 C:\xampp\htdocs\dokuwiki\inc\ActionRouter.php(81): dokuwiki\ActionRouter->loadAction('save')
  #5 C:\xampp\htdocs\dokuwiki\inc\ActionRouter.php(48): dokuwiki\ActionRouter->setupAction('save')
  #6 C:\xampp\htdocs\dokuwiki\inc\ActionRouter.php(60): dokuwiki\ActionRouter->__construct()
  #7 C:\xampp\htdocs\dokuwiki\inc\actions.php(16): dokuwiki\ActionRouter::getInstance(true)
  #8 C:\xampp\htdocs\dokuwiki\doku.php(122): act_dispatch()
  #9 {main}
2022-01-23 11:37:51	C:\xampp\htdocs\dokuwiki\vendor\elasticsearch\elasticsearch\src\Elasticsearch\Endpoints\Index.php(35)	Elasticsearch\Common\Exceptions\RuntimeException: index is required for index
  #0 C:\xampp\htdocs\dokuwiki\vendor\elasticsearch\elasticsearch\src\Elasticsearch\Client.php(1634): Elasticsearch\Endpoints\Index->getURI()
  #1 C:\xampp\htdocs\dokuwiki\vendor\elasticsearch\elasticsearch\src\Elasticsearch\Client.php(829): Elasticsearch\Client->performRequest(Object(Elasticsearch\Endpoints\Index))
  #2 C:\xampp\htdocs\dokuwiki\inc\Action\Save.php(94): Elasticsearch\Client->index(Array)
  #3 C:\xampp\htdocs\dokuwiki\inc\load.php(129): require('C:\\xampp\\htdocs...')
  #4 [internal function]: load_autoload('dokuwiki/Action...')
  #5 C:\xampp\htdocs\dokuwiki\inc\ActionRouter.php(184): class_exists('dokuwiki\\Action...')
  #6 C:\xampp\htdocs\dokuwiki\inc\ActionRouter.php(81): dokuwiki\ActionRouter->loadAction('save')
  #7 C:\xampp\htdocs\dokuwiki\inc\ActionRouter.php(48): dokuwiki\ActionRouter->setupAction('save')
  #8 C:\xampp\htdocs\dokuwiki\inc\ActionRouter.php(60): dokuwiki\ActionRouter->__construct()
  #9 C:\xampp\htdocs\dokuwiki\inc\actions.php(16): dokuwiki\ActionRouter::getInstance(true)
  #10 C:\xampp\htdocs\dokuwiki\doku.php(122): act_dispatch()
  #11 {main}
2022-01-23 11:40:25	C:\xampp\htdocs\dokuwiki\vendor\elasticsearch\elasticsearch\src\Elasticsearch\Endpoints\Index.php(35)	Elasticsearch\Common\Exceptions\RuntimeException: index is required for index
  #0 C:\xampp\htdocs\dokuwiki\vendor\elasticsearch\elasticsearch\src\Elasticsearch\Client.php(1634): Elasticsearch\Endpoints\Index->getURI()
  #1 C:\xampp\htdocs\dokuwiki\vendor\elasticsearch\elasticsearch\src\Elasticsearch\Client.php(829): Elasticsearch\Client->performRequest(Object(Elasticsearch\Endpoints\Index))
  #2 C:\xampp\htdocs\dokuwiki\inc\Action\Save.php(94): Elasticsearch\Client->index(Array)
  #3 C:\xampp\htdocs\dokuwiki\inc\load.php(129): require('C:\\xampp\\htdocs...')
  #4 [internal function]: load_autoload('dokuwiki/Action...')
  #5 C:\xampp\htdocs\dokuwiki\inc\ActionRouter.php(184): class_exists('dokuwiki\\Action...')
  #6 C:\xampp\htdocs\dokuwiki\inc\ActionRouter.php(81): dokuwiki\ActionRouter->loadAction('save')
  #7 C:\xampp\htdocs\dokuwiki\inc\ActionRouter.php(48): dokuwiki\ActionRouter->setupAction('save')
  #8 C:\xampp\htdocs\dokuwiki\inc\ActionRouter.php(60): dokuwiki\ActionRouter->__construct()
  #9 C:\xampp\htdocs\dokuwiki\inc\actions.php(16): dokuwiki\ActionRouter::getInstance(true)
  #10 C:\xampp\htdocs\dokuwiki\doku.php(122): act_dispatch()
  #11 {main}
2022-01-23 11:43:36	C:\xampp\htdocs\dokuwiki\vendor\elasticsearch\elasticsearch\src\Elasticsearch\Endpoints\AbstractEndpoint.php(240)	Elasticsearch\Common\Exceptions\UnexpectedValueException: "0" is not a valid parameter. Allowed parameters are "error_trace", "filter_path", "human", "if_primary_term", "if_seq_no", "op_type", "opaqueId", "pipeline", "pretty", "refresh", "require_alias", "routing", "source", "timeout", "version", "version_type", "wait_for_active_shards"
  #0 C:\xampp\htdocs\dokuwiki\vendor\elasticsearch\elasticsearch\src\Elasticsearch\Endpoints\AbstractEndpoint.php(94): Elasticsearch\Endpoints\AbstractEndpoint->checkUserParams(Array)
  #1 C:\xampp\htdocs\dokuwiki\vendor\elasticsearch\elasticsearch\src\Elasticsearch\Client.php(823): Elasticsearch\Endpoints\AbstractEndpoint->setParams(Array)
  #2 C:\xampp\htdocs\dokuwiki\inc\Action\Save.php(94): Elasticsearch\Client->index(Array)
  #3 C:\xampp\htdocs\dokuwiki\inc\load.php(129): require('C:\\xampp\\htdocs...')
  #4 [internal function]: load_autoload('dokuwiki/Action...')
  #5 C:\xampp\htdocs\dokuwiki\inc\ActionRouter.php(184): class_exists('dokuwiki\\Action...')
  #6 C:\xampp\htdocs\dokuwiki\inc\ActionRouter.php(81): dokuwiki\ActionRouter->loadAction('save')
  #7 C:\xampp\htdocs\dokuwiki\inc\ActionRouter.php(48): dokuwiki\ActionRouter->setupAction('save')
  #8 C:\xampp\htdocs\dokuwiki\inc\ActionRouter.php(60): dokuwiki\ActionRouter->__construct()
  #9 C:\xampp\htdocs\dokuwiki\inc\actions.php(16): dokuwiki\ActionRouter::getInstance(true)
  #10 C:\xampp\htdocs\dokuwiki\doku.php(122): act_dispatch()
  #11 {main}
