2022-02-14 01:30:27	C:\xampp\htdocs\dokuwiki\inc\media.php(450)	ValueError: Path cannot be empty
  #0 C:\xampp\htdocs\dokuwiki\inc\media.php(450): curl_setopt(Object(CurlHandle), 10015, Array)
  #1 C:\xampp\htdocs\dokuwiki\inc\media.php(317): media_save(Array, 'ssh_1121_-_giao...', false, 8, 'copy')
  #2 C:\xampp\htdocs\dokuwiki\inc\Ajax.php(282): media_upload_xhr('', 8)
  #3 C:\xampp\htdocs\dokuwiki\inc\Ajax.php(24): dokuwiki\Ajax->callMediaupload()
  #4 C:\xampp\htdocs\dokuwiki\lib\exe\ajax.php(22): dokuwiki\Ajax->__construct('mediaupload')
  #5 {main}
2022-02-14 01:43:46	C:\xampp\htdocs\dokuwiki\inc\media.php(450)	ValueError: Path cannot be empty
  #0 C:\xampp\htdocs\dokuwiki\inc\media.php(450): curl_setopt(Object(CurlHandle), 10015, Array)
  #1 C:\xampp\htdocs\dokuwiki\inc\media.php(317): media_save(Array, 'ssh_1121_-_danh...', false, 8, 'copy')
  #2 C:\xampp\htdocs\dokuwiki\inc\Ajax.php(282): media_upload_xhr('', 8)
  #3 C:\xampp\htdocs\dokuwiki\inc\Ajax.php(24): dokuwiki\Ajax->callMediaupload()
  #4 C:\xampp\htdocs\dokuwiki\lib\exe\ajax.php(22): dokuwiki\Ajax->__construct('mediaupload')
  #5 {main}
2022-02-14 01:46:08	C:\xampp\htdocs\dokuwiki\inc\media.php(450)	ValueError: Path cannot be empty
  #0 C:\xampp\htdocs\dokuwiki\inc\media.php(450): curl_setopt(Object(CurlHandle), 10015, Array)
  #1 C:\xampp\htdocs\dokuwiki\inc\media.php(317): media_save(Array, 'ssh_1121_-_bai_...', false, 8, 'copy')
  #2 C:\xampp\htdocs\dokuwiki\inc\Ajax.php(282): media_upload_xhr('', 8)
  #3 C:\xampp\htdocs\dokuwiki\inc\Ajax.php(24): dokuwiki\Ajax->callMediaupload()
  #4 C:\xampp\htdocs\dokuwiki\lib\exe\ajax.php(22): dokuwiki\Ajax->__construct('mediaupload')
  #5 {main}
2022-02-14 02:06:23	C:\xampp\htdocs\dokuwiki\inc\media.php(449)	ValueError: Path cannot be empty
  #0 C:\xampp\htdocs\dokuwiki\inc\media.php(449): curl_setopt(Object(CurlHandle), 10015, Array)
  #1 C:\xampp\htdocs\dokuwiki\inc\media.php(317): media_save(Array, 'ssh_1121_-_danh...', false, 8, 'copy')
  #2 C:\xampp\htdocs\dokuwiki\inc\Ajax.php(282): media_upload_xhr('', 8)
  #3 C:\xampp\htdocs\dokuwiki\inc\Ajax.php(24): dokuwiki\Ajax->callMediaupload()
  #4 C:\xampp\htdocs\dokuwiki\lib\exe\ajax.php(22): dokuwiki\Ajax->__construct('mediaupload')
  #5 {main}
2022-02-14 02:06:29	C:\xampp\htdocs\dokuwiki\inc\media.php(449)	ValueError: Path cannot be empty
  #0 C:\xampp\htdocs\dokuwiki\inc\media.php(449): curl_setopt(Object(CurlHandle), 10015, Array)
  #1 C:\xampp\htdocs\dokuwiki\inc\media.php(317): media_save(Array, 'ssh_1121_-_giao...', false, 8, 'copy')
  #2 C:\xampp\htdocs\dokuwiki\inc\Ajax.php(282): media_upload_xhr('', 8)
  #3 C:\xampp\htdocs\dokuwiki\inc\Ajax.php(24): dokuwiki\Ajax->callMediaupload()
  #4 C:\xampp\htdocs\dokuwiki\lib\exe\ajax.php(22): dokuwiki\Ajax->__construct('mediaupload')
  #5 {main}
2022-02-14 02:26:54	C:\xampp\htdocs\dokuwiki\inc\media.php(484)	Error: Object of class CURLFile could not be converted to string
  #0 C:\xampp\htdocs\dokuwiki\inc\media.php(484): curl_setopt_array(Object(CurlHandle), Array)
  #1 C:\xampp\htdocs\dokuwiki\inc\media.php(317): media_save(Array, 'ssh_1121_-_de_c...', false, 8, 'copy')
  #2 C:\xampp\htdocs\dokuwiki\inc\Ajax.php(282): media_upload_xhr('', 8)
  #3 C:\xampp\htdocs\dokuwiki\inc\Ajax.php(24): dokuwiki\Ajax->callMediaupload()
  #4 C:\xampp\htdocs\dokuwiki\lib\exe\ajax.php(22): dokuwiki\Ajax->__construct('mediaupload')
  #5 {main}
2022-02-14 02:27:54	C:\xampp\htdocs\dokuwiki\inc\media.php(484)	Error: Object of class CURLFile could not be converted to string
  #0 C:\xampp\htdocs\dokuwiki\inc\media.php(484): curl_setopt_array(Object(CurlHandle), Array)
  #1 C:\xampp\htdocs\dokuwiki\inc\media.php(317): media_save(Array, 'ktct_chuong_4_-...', false, 255, 'copy')
  #2 C:\xampp\htdocs\dokuwiki\inc\Ajax.php(282): media_upload_xhr('', 255)
  #3 C:\xampp\htdocs\dokuwiki\inc\Ajax.php(24): dokuwiki\Ajax->callMediaupload()
  #4 C:\xampp\htdocs\dokuwiki\lib\exe\ajax.php(22): dokuwiki\Ajax->__construct('mediaupload')
  #5 {main}
